{"D:\\Programming\\OnlineMarketPlaceTest\\backend\\server.js": {"path":"D:\\Programming\\OnlineMarketPlaceTest\\backend\\server.js","statementMap":{"0":{"start":{"line":1,"column":13},"end":{"line":1,"column":38}},"1":{"start":{"line":2,"column":20},"end":{"line":2,"column":52}},"2":{"start":{"line":3,"column":15},"end":{"line":3,"column":42}},"3":{"start":{"line":4,"column":16},"end":{"line":4,"column":44}},"4":{"start":{"line":5,"column":17},"end":{"line":5,"column":46}},"5":{"start":{"line":7,"column":0},"end":{"line":7,"column":40}},"6":{"start":{"line":9,"column":16},"end":{"line":9,"column":34}},"7":{"start":{"line":10,"column":12},"end":{"line":10,"column":21}},"8":{"start":{"line":12,"column":0},"end":{"line":12,"column":24}},"9":{"start":{"line":14,"column":0},"end":{"line":14,"column":23}},"10":{"start":{"line":15,"column":0},"end":{"line":15,"column":37}},"11":{"start":{"line":16,"column":0},"end":{"line":16,"column":27}},"12":{"start":{"line":17,"column":0},"end":{"line":17,"column":29}},"13":{"start":{"line":18,"column":0},"end":{"line":18,"column":30}},"14":{"start":{"line":21,"column":13},"end":{"line":21,"column":37}},"15":{"start":{"line":22,"column":0},"end":{"line":24,"column":3}},"16":{"start":{"line":23,"column":4},"end":{"line":23,"column":50}}},"fnMap":{"0":{"name":"(anonymous_0)","decl":{"start":{"line":22,"column":17},"end":{"line":22,"column":18}},"loc":{"start":{"line":22,"column":23},"end":{"line":24,"column":1}},"line":22}},"branchMap":{"0":{"loc":{"start":{"line":21,"column":13},"end":{"line":21,"column":37}},"type":"binary-expr","locations":[{"start":{"line":21,"column":13},"end":{"line":21,"column":29}},{"start":{"line":21,"column":33},"end":{"line":21,"column":37}}],"line":21}},"s":{"0":1,"1":1,"2":1,"3":1,"4":1,"5":1,"6":1,"7":1,"8":1,"9":1,"10":1,"11":1,"12":1,"13":1,"14":1,"15":1,"16":0},"f":{"0":0},"b":{"0":[1,1]},"_coverageSchema":"1a1c01bbd47fc00a2c39e90264f33305004495a9","hash":"1b3aecaa611f8ccf56dceba9532e5b54d053717f"}
,"D:\\Programming\\OnlineMarketPlaceTest\\backend\\controllers\\interestController.js": {"path":"D:\\Programming\\OnlineMarketPlaceTest\\backend\\controllers\\interestController.js","statementMap":{"0":{"start":{"line":1,"column":19},"end":{"line":1,"column":42}},"1":{"start":{"line":5,"column":26},"end":{"line":5,"column":28}},"2":{"start":{"line":6,"column":27},"end":{"line":6,"column":28}},"3":{"start":{"line":7,"column":11},"end":{"line":7,"column":13}},"4":{"start":{"line":8,"column":13},"end":{"line":8,"column":14}},"5":{"start":{"line":11,"column":8},"end":{"line":11,"column":23}},"6":{"start":{"line":12,"column":8},"end":{"line":12,"column":27}},"7":{"start":{"line":16,"column":22},"end":{"line":16,"column":86}},"8":{"start":{"line":17,"column":8},"end":{"line":20,"column":10}},"9":{"start":{"line":18,"column":12},"end":{"line":18,"column":34}},"10":{"start":{"line":18,"column":21},"end":{"line":18,"column":34}},"11":{"start":{"line":19,"column":12},"end":{"line":19,"column":50}},"12":{"start":{"line":19,"column":38},"end":{"line":19,"column":50}},"13":{"start":{"line":24,"column":22},"end":{"line":24,"column":79}},"14":{"start":{"line":25,"column":8},"end":{"line":28,"column":10}},"15":{"start":{"line":26,"column":12},"end":{"line":26,"column":31}},"16":{"start":{"line":26,"column":21},"end":{"line":26,"column":31}},"17":{"start":{"line":27,"column":12},"end":{"line":27,"column":33}},"18":{"start":{"line":32,"column":8},"end":{"line":38,"column":10}},"19":{"start":{"line":33,"column":24},"end":{"line":33,"column":94}},"20":{"start":{"line":34,"column":12},"end":{"line":37,"column":14}},"21":{"start":{"line":35,"column":16},"end":{"line":35,"column":109}},"22":{"start":{"line":35,"column":25},"end":{"line":35,"column":109}},"23":{"start":{"line":36,"column":16},"end":{"line":36,"column":67}},"24":{"start":{"line":42,"column":8},"end":{"line":61,"column":11}},"25":{"start":{"line":43,"column":26},"end":{"line":43,"column":57}},"26":{"start":{"line":44,"column":35},"end":{"line":44,"column":37}},"27":{"start":{"line":45,"column":31},"end":{"line":45,"column":33}},"28":{"start":{"line":47,"column":12},"end":{"line":50,"column":13}},"29":{"start":{"line":48,"column":16},"end":{"line":48,"column":43}},"30":{"start":{"line":49,"column":16},"end":{"line":49,"column":50}},"31":{"start":{"line":52,"column":12},"end":{"line":52,"column":62}},"32":{"start":{"line":53,"column":12},"end":{"line":53,"column":64}},"33":{"start":{"line":53,"column":42},"end":{"line":53,"column":45}},"34":{"start":{"line":57,"column":12},"end":{"line":60,"column":15}},"35":{"start":{"line":58,"column":16},"end":{"line":58,"column":109}},"36":{"start":{"line":58,"column":25},"end":{"line":58,"column":109}},"37":{"start":{"line":59,"column":16},"end":{"line":59,"column":69}},"38":{"start":{"line":66,"column":8},"end":{"line":75,"column":10}},"39":{"start":{"line":67,"column":24},"end":{"line":67,"column":82}},"40":{"start":{"line":68,"column":27},"end":{"line":68,"column":53}},"41":{"start":{"line":69,"column":12},"end":{"line":74,"column":14}},"42":{"start":{"line":70,"column":16},"end":{"line":70,"column":109}},"43":{"start":{"line":70,"column":25},"end":{"line":70,"column":109}},"44":{"start":{"line":71,"column":16},"end":{"line":71,"column":86}},"45":{"start":{"line":71,"column":42},"end":{"line":71,"column":86}},"46":{"start":{"line":73,"column":16},"end":{"line":73,"column":57}},"47":{"start":{"line":79,"column":8},"end":{"line":87,"column":10}},"48":{"start":{"line":80,"column":24},"end":{"line":80,"column":103}},"49":{"start":{"line":81,"column":12},"end":{"line":86,"column":14}},"50":{"start":{"line":82,"column":16},"end":{"line":82,"column":109}},"51":{"start":{"line":82,"column":25},"end":{"line":82,"column":109}},"52":{"start":{"line":83,"column":16},"end":{"line":83,"column":86}},"53":{"start":{"line":83,"column":42},"end":{"line":83,"column":86}},"54":{"start":{"line":85,"column":16},"end":{"line":85,"column":81}},"55":{"start":{"line":85,"column":67},"end":{"line":85,"column":78}},"56":{"start":{"line":91,"column":8},"end":{"line":91,"column":24}},"57":{"start":{"line":95,"column":8},"end":{"line":95,"column":26}},"58":{"start":{"line":100,"column":0},"end":{"line":100,"column":27}}},"fnMap":{"0":{"name":"(anonymous_0)","decl":{"start":{"line":10,"column":4},"end":{"line":10,"column":5}},"loc":{"start":{"line":10,"column":36},"end":{"line":13,"column":5}},"line":10},"1":{"name":"(anonymous_1)","decl":{"start":{"line":15,"column":4},"end":{"line":15,"column":5}},"loc":{"start":{"line":15,"column":27},"end":{"line":21,"column":5}},"line":15},"2":{"name":"(anonymous_2)","decl":{"start":{"line":17,"column":41},"end":{"line":17,"column":42}},"loc":{"start":{"line":17,"column":59},"end":{"line":20,"column":9}},"line":17},"3":{"name":"(anonymous_3)","decl":{"start":{"line":23,"column":4},"end":{"line":23,"column":5}},"loc":{"start":{"line":23,"column":45},"end":{"line":29,"column":5}},"line":23},"4":{"name":"(anonymous_4)","decl":{"start":{"line":25,"column":44},"end":{"line":25,"column":45}},"loc":{"start":{"line":25,"column":62},"end":{"line":28,"column":9}},"line":25},"5":{"name":"(anonymous_5)","decl":{"start":{"line":31,"column":4},"end":{"line":31,"column":5}},"loc":{"start":{"line":31,"column":45},"end":{"line":39,"column":5}},"line":31},"6":{"name":"(anonymous_6)","decl":{"start":{"line":32,"column":27},"end":{"line":32,"column":28}},"loc":{"start":{"line":32,"column":48},"end":{"line":38,"column":9}},"line":32},"7":{"name":"(anonymous_7)","decl":{"start":{"line":34,"column":55},"end":{"line":34,"column":56}},"loc":{"start":{"line":34,"column":73},"end":{"line":37,"column":13}},"line":34},"8":{"name":"(anonymous_8)","decl":{"start":{"line":41,"column":4},"end":{"line":41,"column":5}},"loc":{"start":{"line":41,"column":23},"end":{"line":62,"column":5}},"line":41},"9":{"name":"(anonymous_9)","decl":{"start":{"line":42,"column":27},"end":{"line":42,"column":28}},"loc":{"start":{"line":42,"column":48},"end":{"line":61,"column":9}},"line":42},"10":{"name":"(anonymous_10)","decl":{"start":{"line":53,"column":36},"end":{"line":53,"column":37}},"loc":{"start":{"line":53,"column":42},"end":{"line":53,"column":45}},"line":53},"11":{"name":"(anonymous_11)","decl":{"start":{"line":57,"column":48},"end":{"line":57,"column":49}},"loc":{"start":{"line":57,"column":66},"end":{"line":60,"column":13}},"line":57},"12":{"name":"(anonymous_12)","decl":{"start":{"line":65,"column":4},"end":{"line":65,"column":5}},"loc":{"start":{"line":65,"column":31},"end":{"line":76,"column":5}},"line":65},"13":{"name":"(anonymous_13)","decl":{"start":{"line":66,"column":27},"end":{"line":66,"column":28}},"loc":{"start":{"line":66,"column":48},"end":{"line":75,"column":9}},"line":66},"14":{"name":"(anonymous_14)","decl":{"start":{"line":69,"column":48},"end":{"line":69,"column":49}},"loc":{"start":{"line":69,"column":66},"end":{"line":74,"column":13}},"line":69},"15":{"name":"(anonymous_15)","decl":{"start":{"line":78,"column":4},"end":{"line":78,"column":5}},"loc":{"start":{"line":78,"column":32},"end":{"line":88,"column":5}},"line":78},"16":{"name":"(anonymous_16)","decl":{"start":{"line":79,"column":27},"end":{"line":79,"column":28}},"loc":{"start":{"line":79,"column":48},"end":{"line":87,"column":9}},"line":79},"17":{"name":"(anonymous_17)","decl":{"start":{"line":81,"column":61},"end":{"line":81,"column":62}},"loc":{"start":{"line":81,"column":79},"end":{"line":86,"column":13}},"line":81},"18":{"name":"(anonymous_18)","decl":{"start":{"line":85,"column":60},"end":{"line":85,"column":61}},"loc":{"start":{"line":85,"column":67},"end":{"line":85,"column":78}},"line":85},"19":{"name":"(anonymous_19)","decl":{"start":{"line":90,"column":4},"end":{"line":90,"column":5}},"loc":{"start":{"line":90,"column":12},"end":{"line":92,"column":5}},"line":90},"20":{"name":"(anonymous_20)","decl":{"start":{"line":94,"column":4},"end":{"line":94,"column":5}},"loc":{"start":{"line":94,"column":14},"end":{"line":96,"column":5}},"line":94}},"branchMap":{"0":{"loc":{"start":{"line":10,"column":16},"end":{"line":10,"column":24}},"type":"default-arg","locations":[{"start":{"line":10,"column":22},"end":{"line":10,"column":24}}],"line":10},"1":{"loc":{"start":{"line":10,"column":26},"end":{"line":10,"column":35}},"type":"default-arg","locations":[{"start":{"line":10,"column":34},"end":{"line":10,"column":35}}],"line":10},"2":{"loc":{"start":{"line":18,"column":12},"end":{"line":18,"column":34}},"type":"if","locations":[{"start":{"line":18,"column":12},"end":{"line":18,"column":34}},{"start":{},"end":{}}],"line":18},"3":{"loc":{"start":{"line":19,"column":12},"end":{"line":19,"column":50}},"type":"if","locations":[{"start":{"line":19,"column":12},"end":{"line":19,"column":50}},{"start":{},"end":{}}],"line":19},"4":{"loc":{"start":{"line":26,"column":12},"end":{"line":26,"column":31}},"type":"if","locations":[{"start":{"line":26,"column":12},"end":{"line":26,"column":31}},{"start":{},"end":{}}],"line":26},"5":{"loc":{"start":{"line":35,"column":16},"end":{"line":35,"column":109}},"type":"if","locations":[{"start":{"line":35,"column":16},"end":{"line":35,"column":109}},{"start":{},"end":{}}],"line":35},"6":{"loc":{"start":{"line":58,"column":16},"end":{"line":58,"column":109}},"type":"if","locations":[{"start":{"line":58,"column":16},"end":{"line":58,"column":109}},{"start":{},"end":{}}],"line":58},"7":{"loc":{"start":{"line":70,"column":16},"end":{"line":70,"column":109}},"type":"if","locations":[{"start":{"line":70,"column":16},"end":{"line":70,"column":109}},{"start":{},"end":{}}],"line":70},"8":{"loc":{"start":{"line":71,"column":16},"end":{"line":71,"column":86}},"type":"if","locations":[{"start":{"line":71,"column":16},"end":{"line":71,"column":86}},{"start":{},"end":{}}],"line":71},"9":{"loc":{"start":{"line":82,"column":16},"end":{"line":82,"column":109}},"type":"if","locations":[{"start":{"line":82,"column":16},"end":{"line":82,"column":109}},{"start":{},"end":{}}],"line":82},"10":{"loc":{"start":{"line":83,"column":16},"end":{"line":83,"column":86}},"type":"if","locations":[{"start":{"line":83,"column":16},"end":{"line":83,"column":86}},{"start":{},"end":{}}],"line":83}},"s":{"0":1,"1":0,"2":0,"3":0,"4":0,"5":0,"6":0,"7":0,"8":0,"9":0,"10":0,"11":0,"12":0,"13":0,"14":0,"15":0,"16":0,"17":0,"18":0,"19":0,"20":0,"21":0,"22":0,"23":0,"24":0,"25":0,"26":0,"27":0,"28":0,"29":0,"30":0,"31":0,"32":0,"33":0,"34":0,"35":0,"36":0,"37":0,"38":0,"39":0,"40":0,"41":0,"42":0,"43":0,"44":0,"45":0,"46":0,"47":0,"48":0,"49":0,"50":0,"51":0,"52":0,"53":0,"54":0,"55":0,"56":0,"57":0,"58":1},"f":{"0":0,"1":0,"2":0,"3":0,"4":0,"5":0,"6":0,"7":0,"8":0,"9":0,"10":0,"11":0,"12":0,"13":0,"14":0,"15":0,"16":0,"17":0,"18":0,"19":0,"20":0},"b":{"0":[0],"1":[0],"2":[0,0],"3":[0,0],"4":[0,0],"5":[0,0],"6":[0,0],"7":[0,0],"8":[0,0],"9":[0,0],"10":[0,0]},"_coverageSchema":"1a1c01bbd47fc00a2c39e90264f33305004495a9","hash":"5b9f9b8479a5cada5aba932b255ce3bf76b7e818"}
,"D:\\Programming\\OnlineMarketPlaceTest\\backend\\controllers\\sellerController.js": {"path":"D:\\Programming\\OnlineMarketPlaceTest\\backend\\controllers\\sellerController.js","statementMap":{"0":{"start":{"line":1,"column":19},"end":{"line":1,"column":42}},"1":{"start":{"line":2,"column":20},"end":{"line":2,"column":61}},"2":{"start":{"line":5,"column":19},"end":{"line":5,"column":21}},"3":{"start":{"line":6,"column":40},"end":{"line":6,"column":43}},"4":{"start":{"line":7,"column":39},"end":{"line":7,"column":41}},"5":{"start":{"line":8,"column":41},"end":{"line":8,"column":42}},"6":{"start":{"line":13,"column":8},"end":{"line":13,"column":33}},"7":{"start":{"line":18,"column":8},"end":{"line":27,"column":10}},"8":{"start":{"line":19,"column":24},"end":{"line":19,"column":107}},"9":{"start":{"line":20,"column":12},"end":{"line":26,"column":18}},"10":{"start":{"line":21,"column":16},"end":{"line":21,"column":110}},"11":{"start":{"line":21,"column":25},"end":{"line":21,"column":110}},"12":{"start":{"line":22,"column":16},"end":{"line":22,"column":104}},"13":{"start":{"line":22,"column":42},"end":{"line":22,"column":104}},"14":{"start":{"line":24,"column":70},"end":{"line":24,"column":77}},"15":{"start":{"line":25,"column":16},"end":{"line":25,"column":139}},"16":{"start":{"line":31,"column":8},"end":{"line":51,"column":10}},"17":{"start":{"line":32,"column":24},"end":{"line":32,"column":82}},"18":{"start":{"line":33,"column":34},"end":{"line":33,"column":36}},"19":{"start":{"line":34,"column":12},"end":{"line":38,"column":14}},"20":{"start":{"line":35,"column":16},"end":{"line":35,"column":110}},"21":{"start":{"line":35,"column":25},"end":{"line":35,"column":110}},"22":{"start":{"line":36,"column":16},"end":{"line":36,"column":106}},"23":{"start":{"line":36,"column":42},"end":{"line":36,"column":106}},"24":{"start":{"line":37,"column":16},"end":{"line":37,"column":77}},"25":{"start":{"line":37,"column":39},"end":{"line":37,"column":76}},"26":{"start":{"line":40,"column":35},"end":{"line":40,"column":52}},"27":{"start":{"line":41,"column":12},"end":{"line":48,"column":14}},"28":{"start":{"line":42,"column":16},"end":{"line":47,"column":17}},"29":{"start":{"line":43,"column":35},"end":{"line":43,"column":64}},"30":{"start":{"line":44,"column":20},"end":{"line":44,"column":55}},"31":{"start":{"line":46,"column":20},"end":{"line":46,"column":77}},"32":{"start":{"line":50,"column":12},"end":{"line":50,"column":70}},"33":{"start":{"line":56,"column":8},"end":{"line":62,"column":10}},"34":{"start":{"line":57,"column":26},"end":{"line":57,"column":68}},"35":{"start":{"line":58,"column":12},"end":{"line":61,"column":14}},"36":{"start":{"line":59,"column":16},"end":{"line":59,"column":109}},"37":{"start":{"line":59,"column":25},"end":{"line":59,"column":109}},"38":{"start":{"line":60,"column":16},"end":{"line":60,"column":75}},"39":{"start":{"line":66,"column":8},"end":{"line":83,"column":10}},"40":{"start":{"line":67,"column":26},"end":{"line":67,"column":46}},"41":{"start":{"line":68,"column":28},"end":{"line":68,"column":30}},"42":{"start":{"line":69,"column":31},"end":{"line":69,"column":33}},"43":{"start":{"line":71,"column":12},"end":{"line":74,"column":13}},"44":{"start":{"line":72,"column":16},"end":{"line":72,"column":44}},"45":{"start":{"line":73,"column":16},"end":{"line":73,"column":50}},"46":{"start":{"line":76,"column":12},"end":{"line":76,"column":63}},"47":{"start":{"line":77,"column":12},"end":{"line":77,"column":43}},"48":{"start":{"line":79,"column":12},"end":{"line":82,"column":14}},"49":{"start":{"line":80,"column":16},"end":{"line":80,"column":109}},"50":{"start":{"line":80,"column":25},"end":{"line":80,"column":109}},"51":{"start":{"line":81,"column":16},"end":{"line":81,"column":76}},"52":{"start":{"line":87,"column":8},"end":{"line":97,"column":10}},"53":{"start":{"line":88,"column":26},"end":{"line":88,"column":65}},"54":{"start":{"line":89,"column":33},"end":{"line":89,"column":73}},"55":{"start":{"line":90,"column":12},"end":{"line":92,"column":14}},"56":{"start":{"line":91,"column":16},"end":{"line":91,"column":109}},"57":{"start":{"line":91,"column":25},"end":{"line":91,"column":109}},"58":{"start":{"line":93,"column":12},"end":{"line":95,"column":14}},"59":{"start":{"line":94,"column":16},"end":{"line":94,"column":109}},"60":{"start":{"line":94,"column":25},"end":{"line":94,"column":109}},"61":{"start":{"line":96,"column":12},"end":{"line":96,"column":72}},"62":{"start":{"line":101,"column":0},"end":{"line":101,"column":26}}},"fnMap":{"0":{"name":"(anonymous_0)","decl":{"start":{"line":10,"column":4},"end":{"line":10,"column":5}},"loc":{"start":{"line":10,"column":17},"end":{"line":10,"column":19}},"line":10},"1":{"name":"(anonymous_1)","decl":{"start":{"line":12,"column":4},"end":{"line":12,"column":5}},"loc":{"start":{"line":12,"column":25},"end":{"line":14,"column":5}},"line":12},"2":{"name":"(anonymous_2)","decl":{"start":{"line":17,"column":4},"end":{"line":17,"column":5}},"loc":{"start":{"line":17,"column":15},"end":{"line":28,"column":5}},"line":17},"3":{"name":"(anonymous_3)","decl":{"start":{"line":18,"column":27},"end":{"line":18,"column":28}},"loc":{"start":{"line":18,"column":48},"end":{"line":27,"column":9}},"line":18},"4":{"name":"(anonymous_4)","decl":{"start":{"line":20,"column":54},"end":{"line":20,"column":55}},"loc":{"start":{"line":20,"column":72},"end":{"line":26,"column":17}},"line":20},"5":{"name":"(anonymous_5)","decl":{"start":{"line":30,"column":4},"end":{"line":30,"column":5}},"loc":{"start":{"line":30,"column":29},"end":{"line":53,"column":5}},"line":30},"6":{"name":"(anonymous_6)","decl":{"start":{"line":31,"column":27},"end":{"line":31,"column":28}},"loc":{"start":{"line":31,"column":48},"end":{"line":51,"column":9}},"line":31},"7":{"name":"(anonymous_7)","decl":{"start":{"line":34,"column":62},"end":{"line":34,"column":63}},"loc":{"start":{"line":34,"column":80},"end":{"line":38,"column":13}},"line":34},"8":{"name":"(anonymous_8)","decl":{"start":{"line":37,"column":28},"end":{"line":37,"column":29}},"loc":{"start":{"line":37,"column":39},"end":{"line":37,"column":76}},"line":37},"9":{"name":"(anonymous_9)","decl":{"start":{"line":41,"column":34},"end":{"line":41,"column":35}},"loc":{"start":{"line":41,"column":42},"end":{"line":48,"column":13}},"line":41},"10":{"name":"(anonymous_10)","decl":{"start":{"line":55,"column":4},"end":{"line":55,"column":5}},"loc":{"start":{"line":55,"column":18},"end":{"line":63,"column":5}},"line":55},"11":{"name":"(anonymous_11)","decl":{"start":{"line":56,"column":27},"end":{"line":56,"column":28}},"loc":{"start":{"line":56,"column":48},"end":{"line":62,"column":9}},"line":56},"12":{"name":"(anonymous_12)","decl":{"start":{"line":58,"column":54},"end":{"line":58,"column":55}},"loc":{"start":{"line":58,"column":72},"end":{"line":61,"column":13}},"line":58},"13":{"name":"(anonymous_13)","decl":{"start":{"line":65,"column":4},"end":{"line":65,"column":5}},"loc":{"start":{"line":65,"column":27},"end":{"line":84,"column":5}},"line":65},"14":{"name":"(anonymous_14)","decl":{"start":{"line":66,"column":27},"end":{"line":66,"column":28}},"loc":{"start":{"line":66,"column":48},"end":{"line":83,"column":9}},"line":66},"15":{"name":"(anonymous_15)","decl":{"start":{"line":79,"column":48},"end":{"line":79,"column":49}},"loc":{"start":{"line":79,"column":66},"end":{"line":82,"column":13}},"line":79},"16":{"name":"(anonymous_16)","decl":{"start":{"line":86,"column":4},"end":{"line":86,"column":5}},"loc":{"start":{"line":86,"column":18},"end":{"line":98,"column":5}},"line":86},"17":{"name":"(anonymous_17)","decl":{"start":{"line":87,"column":27},"end":{"line":87,"column":28}},"loc":{"start":{"line":87,"column":48},"end":{"line":97,"column":9}},"line":87},"18":{"name":"(anonymous_18)","decl":{"start":{"line":90,"column":61},"end":{"line":90,"column":62}},"loc":{"start":{"line":90,"column":79},"end":{"line":92,"column":13}},"line":90},"19":{"name":"(anonymous_19)","decl":{"start":{"line":93,"column":54},"end":{"line":93,"column":55}},"loc":{"start":{"line":93,"column":72},"end":{"line":95,"column":13}},"line":93}},"branchMap":{"0":{"loc":{"start":{"line":21,"column":16},"end":{"line":21,"column":110}},"type":"if","locations":[{"start":{"line":21,"column":16},"end":{"line":21,"column":110}},{"start":{},"end":{}}],"line":21},"1":{"loc":{"start":{"line":22,"column":16},"end":{"line":22,"column":104}},"type":"if","locations":[{"start":{"line":22,"column":16},"end":{"line":22,"column":104}},{"start":{},"end":{}}],"line":22},"2":{"loc":{"start":{"line":35,"column":16},"end":{"line":35,"column":110}},"type":"if","locations":[{"start":{"line":35,"column":16},"end":{"line":35,"column":110}},{"start":{},"end":{}}],"line":35},"3":{"loc":{"start":{"line":36,"column":16},"end":{"line":36,"column":106}},"type":"if","locations":[{"start":{"line":36,"column":16},"end":{"line":36,"column":106}},{"start":{},"end":{}}],"line":36},"4":{"loc":{"start":{"line":59,"column":16},"end":{"line":59,"column":109}},"type":"if","locations":[{"start":{"line":59,"column":16},"end":{"line":59,"column":109}},{"start":{},"end":{}}],"line":59},"5":{"loc":{"start":{"line":80,"column":16},"end":{"line":80,"column":109}},"type":"if","locations":[{"start":{"line":80,"column":16},"end":{"line":80,"column":109}},{"start":{},"end":{}}],"line":80},"6":{"loc":{"start":{"line":91,"column":16},"end":{"line":91,"column":109}},"type":"if","locations":[{"start":{"line":91,"column":16},"end":{"line":91,"column":109}},{"start":{},"end":{}}],"line":91},"7":{"loc":{"start":{"line":94,"column":16},"end":{"line":94,"column":109}},"type":"if","locations":[{"start":{"line":94,"column":16},"end":{"line":94,"column":109}},{"start":{},"end":{}}],"line":94}},"s":{"0":1,"1":1,"2":0,"3":0,"4":0,"5":0,"6":0,"7":0,"8":0,"9":0,"10":0,"11":0,"12":0,"13":0,"14":0,"15":0,"16":0,"17":0,"18":0,"19":0,"20":0,"21":0,"22":0,"23":0,"24":0,"25":0,"26":0,"27":0,"28":0,"29":0,"30":0,"31":0,"32":0,"33":0,"34":0,"35":0,"36":0,"37":0,"38":0,"39":0,"40":0,"41":0,"42":0,"43":0,"44":0,"45":0,"46":0,"47":0,"48":0,"49":0,"50":0,"51":0,"52":0,"53":0,"54":0,"55":0,"56":0,"57":0,"58":0,"59":0,"60":0,"61":0,"62":1},"f":{"0":0,"1":0,"2":0,"3":0,"4":0,"5":0,"6":0,"7":0,"8":0,"9":0,"10":0,"11":0,"12":0,"13":0,"14":0,"15":0,"16":0,"17":0,"18":0,"19":0},"b":{"0":[0,0],"1":[0,0],"2":[0,0],"3":[0,0],"4":[0,0],"5":[0,0],"6":[0,0],"7":[0,0]},"_coverageSchema":"1a1c01bbd47fc00a2c39e90264f33305004495a9","hash":"c656a90f9105930f7f9f4a63d63ab03a8ef63428"}
,"D:\\Programming\\OnlineMarketPlaceTest\\backend\\controllers\\userController.js": {"path":"D:\\Programming\\OnlineMarketPlaceTest\\backend\\controllers\\userController.js","statementMap":{"0":{"start":{"line":1,"column":15},"end":{"line":1,"column":32}},"1":{"start":{"line":2,"column":24},"end":{"line":2,"column":53}},"2":{"start":{"line":3,"column":22},"end":{"line":3,"column":63}},"3":{"start":{"line":4,"column":17},"end":{"line":4,"column":59}},"4":{"start":{"line":5,"column":19},"end":{"line":5,"column":42}},"5":{"start":{"line":6,"column":16},"end":{"line":6,"column":48}},"6":{"start":{"line":7,"column":20},"end":{"line":7,"column":22}},"7":{"start":{"line":11,"column":23},"end":{"line":11,"column":25}},"8":{"start":{"line":12,"column":26},"end":{"line":12,"column":29}},"9":{"start":{"line":13,"column":21},"end":{"line":13,"column":24}},"10":{"start":{"line":14,"column":26},"end":{"line":14,"column":28}},"11":{"start":{"line":17,"column":8},"end":{"line":17,"column":24}},"12":{"start":{"line":21,"column":8},"end":{"line":21,"column":29}},"13":{"start":{"line":25,"column":22},"end":{"line":25,"column":83}},"14":{"start":{"line":26,"column":8},"end":{"line":29,"column":10}},"15":{"start":{"line":27,"column":12},"end":{"line":27,"column":34}},"16":{"start":{"line":27,"column":21},"end":{"line":27,"column":34}},"17":{"start":{"line":28,"column":12},"end":{"line":28,"column":50}},"18":{"start":{"line":28,"column":38},"end":{"line":28,"column":50}},"19":{"start":{"line":33,"column":8},"end":{"line":59,"column":11}},"20":{"start":{"line":34,"column":24},"end":{"line":34,"column":79}},"21":{"start":{"line":36,"column":12},"end":{"line":58,"column":15}},"22":{"start":{"line":38,"column":16},"end":{"line":40,"column":17}},"23":{"start":{"line":39,"column":20},"end":{"line":39,"column":105}},"24":{"start":{"line":42,"column":16},"end":{"line":44,"column":17}},"25":{"start":{"line":43,"column":20},"end":{"line":43,"column":80}},"26":{"start":{"line":46,"column":47},"end":{"line":46,"column":57}},"27":{"start":{"line":47,"column":16},"end":{"line":57,"column":19}},"28":{"start":{"line":48,"column":20},"end":{"line":50,"column":21}},"29":{"start":{"line":49,"column":24},"end":{"line":49,"column":93}},"30":{"start":{"line":52,"column":20},"end":{"line":56,"column":21}},"31":{"start":{"line":53,"column":24},"end":{"line":53,"column":108}},"32":{"start":{"line":55,"column":24},"end":{"line":55,"column":83}},"33":{"start":{"line":63,"column":8},"end":{"line":79,"column":10}},"34":{"start":{"line":64,"column":24},"end":{"line":64,"column":88}},"35":{"start":{"line":65,"column":12},"end":{"line":78,"column":14}},"36":{"start":{"line":67,"column":16},"end":{"line":69,"column":17}},"37":{"start":{"line":68,"column":20},"end":{"line":68,"column":104}},"38":{"start":{"line":71,"column":16},"end":{"line":73,"column":17}},"39":{"start":{"line":72,"column":20},"end":{"line":72,"column":79}},"40":{"start":{"line":75,"column":55},"end":{"line":75,"column":65}},"41":{"start":{"line":76,"column":16},"end":{"line":76,"column":109}},"42":{"start":{"line":83,"column":8},"end":{"line":97,"column":10}},"43":{"start":{"line":84,"column":24},"end":{"line":84,"column":75}},"44":{"start":{"line":85,"column":12},"end":{"line":96,"column":14}},"45":{"start":{"line":86,"column":16},"end":{"line":88,"column":17}},"46":{"start":{"line":87,"column":20},"end":{"line":87,"column":104}},"47":{"start":{"line":90,"column":16},"end":{"line":92,"column":17}},"48":{"start":{"line":91,"column":20},"end":{"line":91,"column":79}},"49":{"start":{"line":94,"column":42},"end":{"line":94,"column":52}},"50":{"start":{"line":95,"column":16},"end":{"line":95,"column":83}},"51":{"start":{"line":101,"column":8},"end":{"line":108,"column":10}},"52":{"start":{"line":102,"column":24},"end":{"line":102,"column":76}},"53":{"start":{"line":103,"column":12},"end":{"line":107,"column":14}},"54":{"start":{"line":104,"column":16},"end":{"line":104,"column":103}},"55":{"start":{"line":104,"column":25},"end":{"line":104,"column":103}},"56":{"start":{"line":105,"column":16},"end":{"line":105,"column":96}},"57":{"start":{"line":105,"column":42},"end":{"line":105,"column":96}},"58":{"start":{"line":106,"column":16},"end":{"line":106,"column":89}},"59":{"start":{"line":106,"column":72},"end":{"line":106,"column":86}},"60":{"start":{"line":112,"column":8},"end":{"line":130,"column":10}},"61":{"start":{"line":113,"column":12},"end":{"line":121,"column":13}},"62":{"start":{"line":114,"column":34},"end":{"line":114,"column":46}},"63":{"start":{"line":115,"column":16},"end":{"line":115,"column":51}},"64":{"start":{"line":116,"column":16},"end":{"line":120,"column":17}},"65":{"start":{"line":117,"column":20},"end":{"line":117,"column":44}},"66":{"start":{"line":119,"column":20},"end":{"line":119,"column":76}},"67":{"start":{"line":123,"column":24},"end":{"line":123,"column":59}},"68":{"start":{"line":124,"column":12},"end":{"line":129,"column":14}},"69":{"start":{"line":125,"column":16},"end":{"line":127,"column":17}},"70":{"start":{"line":126,"column":20},"end":{"line":126,"column":104}},"71":{"start":{"line":128,"column":16},"end":{"line":128,"column":74}},"72":{"start":{"line":134,"column":8},"end":{"line":159,"column":10}},"73":{"start":{"line":135,"column":26},"end":{"line":135,"column":44}},"74":{"start":{"line":136,"column":28},"end":{"line":136,"column":30}},"75":{"start":{"line":137,"column":31},"end":{"line":137,"column":33}},"76":{"start":{"line":139,"column":12},"end":{"line":148,"column":13}},"77":{"start":{"line":140,"column":16},"end":{"line":146,"column":17}},"78":{"start":{"line":141,"column":20},"end":{"line":141,"column":52}},"79":{"start":{"line":142,"column":20},"end":{"line":142,"column":84}},"80":{"start":{"line":144,"column":20},"end":{"line":144,"column":48}},"81":{"start":{"line":145,"column":20},"end":{"line":145,"column":54}},"82":{"start":{"line":150,"column":12},"end":{"line":150,"column":61}},"83":{"start":{"line":151,"column":12},"end":{"line":151,"column":41}},"84":{"start":{"line":152,"column":12},"end":{"line":158,"column":14}},"85":{"start":{"line":153,"column":16},"end":{"line":155,"column":17}},"86":{"start":{"line":154,"column":20},"end":{"line":154,"column":104}},"87":{"start":{"line":157,"column":16},"end":{"line":157,"column":75}},"88":{"start":{"line":163,"column":8},"end":{"line":171,"column":10}},"89":{"start":{"line":164,"column":24},"end":{"line":164,"column":96}},"90":{"start":{"line":165,"column":12},"end":{"line":170,"column":14}},"91":{"start":{"line":166,"column":16},"end":{"line":168,"column":17}},"92":{"start":{"line":167,"column":20},"end":{"line":167,"column":104}},"93":{"start":{"line":169,"column":16},"end":{"line":169,"column":75}},"94":{"start":{"line":177,"column":8},"end":{"line":194,"column":10}},"95":{"start":{"line":178,"column":26},"end":{"line":178,"column":80}},"96":{"start":{"line":179,"column":12},"end":{"line":192,"column":14}},"97":{"start":{"line":180,"column":16},"end":{"line":182,"column":17}},"98":{"start":{"line":181,"column":20},"end":{"line":181,"column":87}},"99":{"start":{"line":184,"column":16},"end":{"line":191,"column":18}},"100":{"start":{"line":186,"column":20},"end":{"line":188,"column":21}},"101":{"start":{"line":187,"column":24},"end":{"line":187,"column":108}},"102":{"start":{"line":190,"column":20},"end":{"line":190,"column":78}},"103":{"start":{"line":198,"column":8},"end":{"line":208,"column":10}},"104":{"start":{"line":199,"column":12},"end":{"line":199,"column":83}},"105":{"start":{"line":200,"column":12},"end":{"line":207,"column":14}},"106":{"start":{"line":201,"column":16},"end":{"line":201,"column":43}},"107":{"start":{"line":201,"column":25},"end":{"line":201,"column":43}},"108":{"start":{"line":202,"column":39},"end":{"line":202,"column":56}},"109":{"start":{"line":203,"column":16},"end":{"line":205,"column":19}},"110":{"start":{"line":204,"column":20},"end":{"line":204,"column":61}},"111":{"start":{"line":213,"column":26},"end":{"line":213,"column":49}},"112":{"start":{"line":214,"column":31},"end":{"line":214,"column":48}},"113":{"start":{"line":217,"column":8},"end":{"line":233,"column":9}},"114":{"start":{"line":218,"column":34},"end":{"line":218,"column":81}},"115":{"start":{"line":219,"column":12},"end":{"line":232,"column":15}},"116":{"start":{"line":220,"column":16},"end":{"line":231,"column":19}},"117":{"start":{"line":221,"column":20},"end":{"line":221,"column":48}},"118":{"start":{"line":221,"column":29},"end":{"line":221,"column":48}},"119":{"start":{"line":222,"column":20},"end":{"line":230,"column":21}},"120":{"start":{"line":223,"column":48},"end":{"line":223,"column":104}},"121":{"start":{"line":223,"column":65},"end":{"line":223,"column":103}},"122":{"start":{"line":224,"column":41},"end":{"line":224,"column":75}},"123":{"start":{"line":225,"column":47},"end":{"line":225,"column":112}},"124":{"start":{"line":225,"column":84},"end":{"line":225,"column":100}},"125":{"start":{"line":226,"column":24},"end":{"line":226,"column":48}},"126":{"start":{"line":227,"column":24},"end":{"line":227,"column":65}},"127":{"start":{"line":229,"column":24},"end":{"line":229,"column":36}},"128":{"start":{"line":236,"column":36},"end":{"line":236,"column":73}},"129":{"start":{"line":237,"column":30},"end":{"line":237,"column":93}},"130":{"start":{"line":239,"column":34},"end":{"line":254,"column":9}},"131":{"start":{"line":241,"column":16},"end":{"line":252,"column":19}},"132":{"start":{"line":242,"column":20},"end":{"line":251,"column":23}},"133":{"start":{"line":243,"column":24},"end":{"line":243,"column":52}},"134":{"start":{"line":243,"column":33},"end":{"line":243,"column":52}},"135":{"start":{"line":244,"column":24},"end":{"line":250,"column":25}},"136":{"start":{"line":245,"column":52},"end":{"line":245,"column":108}},"137":{"start":{"line":245,"column":69},"end":{"line":245,"column":107}},"138":{"start":{"line":246,"column":45},"end":{"line":246,"column":79}},"139":{"start":{"line":247,"column":28},"end":{"line":247,"column":46}},"140":{"start":{"line":249,"column":28},"end":{"line":249,"column":40}},"141":{"start":{"line":257,"column":28},"end":{"line":257,"column":52}},"142":{"start":{"line":258,"column":31},"end":{"line":258,"column":99}},"143":{"start":{"line":258,"column":71},"end":{"line":258,"column":87}},"144":{"start":{"line":259,"column":8},"end":{"line":259,"column":32}},"145":{"start":{"line":260,"column":8},"end":{"line":260,"column":47}},"146":{"start":{"line":266,"column":0},"end":{"line":266,"column":24}}},"fnMap":{"0":{"name":"(anonymous_0)","decl":{"start":{"line":16,"column":4},"end":{"line":16,"column":5}},"loc":{"start":{"line":16,"column":18},"end":{"line":18,"column":5}},"line":16},"1":{"name":"(anonymous_1)","decl":{"start":{"line":20,"column":4},"end":{"line":20,"column":5}},"loc":{"start":{"line":20,"column":21},"end":{"line":22,"column":5}},"line":20},"2":{"name":"(anonymous_2)","decl":{"start":{"line":24,"column":4},"end":{"line":24,"column":5}},"loc":{"start":{"line":24,"column":29},"end":{"line":30,"column":5}},"line":24},"3":{"name":"(anonymous_3)","decl":{"start":{"line":26,"column":42},"end":{"line":26,"column":43}},"loc":{"start":{"line":26,"column":60},"end":{"line":29,"column":9}},"line":26},"4":{"name":"(anonymous_4)","decl":{"start":{"line":32,"column":4},"end":{"line":32,"column":5}},"loc":{"start":{"line":32,"column":38},"end":{"line":60,"column":5}},"line":32},"5":{"name":"(anonymous_5)","decl":{"start":{"line":33,"column":27},"end":{"line":33,"column":28}},"loc":{"start":{"line":33,"column":48},"end":{"line":59,"column":9}},"line":33},"6":{"name":"(anonymous_6)","decl":{"start":{"line":36,"column":45},"end":{"line":36,"column":46}},"loc":{"start":{"line":36,"column":63},"end":{"line":58,"column":13}},"line":36},"7":{"name":"(anonymous_7)","decl":{"start":{"line":47,"column":55},"end":{"line":47,"column":56}},"loc":{"start":{"line":47,"column":73},"end":{"line":57,"column":17}},"line":47},"8":{"name":"(anonymous_8)","decl":{"start":{"line":62,"column":4},"end":{"line":62,"column":5}},"loc":{"start":{"line":62,"column":21},"end":{"line":80,"column":5}},"line":62},"9":{"name":"(anonymous_9)","decl":{"start":{"line":63,"column":27},"end":{"line":63,"column":28}},"loc":{"start":{"line":63,"column":48},"end":{"line":79,"column":9}},"line":63},"10":{"name":"(anonymous_10)","decl":{"start":{"line":65,"column":52},"end":{"line":65,"column":53}},"loc":{"start":{"line":65,"column":70},"end":{"line":78,"column":13}},"line":65},"11":{"name":"(anonymous_11)","decl":{"start":{"line":82,"column":4},"end":{"line":82,"column":5}},"loc":{"start":{"line":82,"column":18},"end":{"line":98,"column":5}},"line":82},"12":{"name":"(anonymous_12)","decl":{"start":{"line":83,"column":27},"end":{"line":83,"column":28}},"loc":{"start":{"line":83,"column":48},"end":{"line":97,"column":9}},"line":83},"13":{"name":"(anonymous_13)","decl":{"start":{"line":85,"column":52},"end":{"line":85,"column":53}},"loc":{"start":{"line":85,"column":70},"end":{"line":96,"column":13}},"line":85},"14":{"name":"(anonymous_14)","decl":{"start":{"line":100,"column":4},"end":{"line":100,"column":5}},"loc":{"start":{"line":100,"column":22},"end":{"line":109,"column":5}},"line":100},"15":{"name":"(anonymous_15)","decl":{"start":{"line":101,"column":27},"end":{"line":101,"column":28}},"loc":{"start":{"line":101,"column":48},"end":{"line":108,"column":9}},"line":101},"16":{"name":"(anonymous_16)","decl":{"start":{"line":103,"column":52},"end":{"line":103,"column":53}},"loc":{"start":{"line":103,"column":70},"end":{"line":107,"column":13}},"line":103},"17":{"name":"(anonymous_17)","decl":{"start":{"line":106,"column":60},"end":{"line":106,"column":61}},"loc":{"start":{"line":106,"column":72},"end":{"line":106,"column":86}},"line":106},"18":{"name":"(anonymous_18)","decl":{"start":{"line":111,"column":4},"end":{"line":111,"column":5}},"loc":{"start":{"line":111,"column":16},"end":{"line":131,"column":5}},"line":111},"19":{"name":"(anonymous_19)","decl":{"start":{"line":112,"column":27},"end":{"line":112,"column":28}},"loc":{"start":{"line":112,"column":48},"end":{"line":130,"column":9}},"line":112},"20":{"name":"(anonymous_20)","decl":{"start":{"line":124,"column":52},"end":{"line":124,"column":53}},"loc":{"start":{"line":124,"column":70},"end":{"line":129,"column":13}},"line":124},"21":{"name":"(anonymous_21)","decl":{"start":{"line":133,"column":4},"end":{"line":133,"column":5}},"loc":{"start":{"line":133,"column":26},"end":{"line":160,"column":5}},"line":133},"22":{"name":"(anonymous_22)","decl":{"start":{"line":134,"column":27},"end":{"line":134,"column":28}},"loc":{"start":{"line":134,"column":48},"end":{"line":159,"column":9}},"line":134},"23":{"name":"(anonymous_23)","decl":{"start":{"line":152,"column":48},"end":{"line":152,"column":49}},"loc":{"start":{"line":152,"column":66},"end":{"line":158,"column":13}},"line":152},"24":{"name":"(anonymous_24)","decl":{"start":{"line":162,"column":4},"end":{"line":162,"column":5}},"loc":{"start":{"line":162,"column":25},"end":{"line":172,"column":5}},"line":162},"25":{"name":"(anonymous_25)","decl":{"start":{"line":163,"column":27},"end":{"line":163,"column":28}},"loc":{"start":{"line":163,"column":48},"end":{"line":171,"column":9}},"line":163},"26":{"name":"(anonymous_26)","decl":{"start":{"line":165,"column":62},"end":{"line":165,"column":63}},"loc":{"start":{"line":165,"column":80},"end":{"line":170,"column":13}},"line":165},"27":{"name":"(anonymous_27)","decl":{"start":{"line":176,"column":4},"end":{"line":176,"column":5}},"loc":{"start":{"line":176,"column":31},"end":{"line":195,"column":5}},"line":176},"28":{"name":"(anonymous_28)","decl":{"start":{"line":177,"column":27},"end":{"line":177,"column":28}},"loc":{"start":{"line":177,"column":48},"end":{"line":194,"column":9}},"line":177},"29":{"name":"(anonymous_29)","decl":{"start":{"line":179,"column":58},"end":{"line":179,"column":59}},"loc":{"start":{"line":179,"column":73},"end":{"line":192,"column":13}},"line":179},"30":{"name":"(anonymous_30)","decl":{"start":{"line":184,"column":55},"end":{"line":184,"column":56}},"loc":{"start":{"line":184,"column":73},"end":{"line":191,"column":17}},"line":184},"31":{"name":"(anonymous_31)","decl":{"start":{"line":197,"column":4},"end":{"line":197,"column":5}},"loc":{"start":{"line":197,"column":39},"end":{"line":210,"column":5}},"line":197},"32":{"name":"(anonymous_32)","decl":{"start":{"line":198,"column":27},"end":{"line":198,"column":28}},"loc":{"start":{"line":198,"column":48},"end":{"line":208,"column":9}},"line":198},"33":{"name":"(anonymous_33)","decl":{"start":{"line":200,"column":53},"end":{"line":200,"column":54}},"loc":{"start":{"line":200,"column":71},"end":{"line":207,"column":13}},"line":200},"34":{"name":"(anonymous_34)","decl":{"start":{"line":203,"column":32},"end":{"line":203,"column":33}},"loc":{"start":{"line":203,"column":43},"end":{"line":205,"column":17}},"line":203},"35":{"name":"(anonymous_35)","decl":{"start":{"line":212,"column":4},"end":{"line":212,"column":5}},"loc":{"start":{"line":212,"column":46},"end":{"line":261,"column":5}},"line":212},"36":{"name":"(anonymous_36)","decl":{"start":{"line":219,"column":31},"end":{"line":219,"column":32}},"loc":{"start":{"line":219,"column":52},"end":{"line":232,"column":13}},"line":219},"37":{"name":"(anonymous_37)","decl":{"start":{"line":220,"column":58},"end":{"line":220,"column":59}},"loc":{"start":{"line":220,"column":82},"end":{"line":231,"column":17}},"line":220},"38":{"name":"(anonymous_38)","decl":{"start":{"line":223,"column":60},"end":{"line":223,"column":61}},"loc":{"start":{"line":223,"column":65},"end":{"line":223,"column":103}},"line":223},"39":{"name":"(anonymous_39)","decl":{"start":{"line":225,"column":79},"end":{"line":225,"column":80}},"loc":{"start":{"line":225,"column":84},"end":{"line":225,"column":100}},"line":225},"40":{"name":"(anonymous_40)","decl":{"start":{"line":240,"column":26},"end":{"line":240,"column":27}},"loc":{"start":{"line":240,"column":38},"end":{"line":253,"column":13}},"line":240},"41":{"name":"(anonymous_41)","decl":{"start":{"line":241,"column":35},"end":{"line":241,"column":36}},"loc":{"start":{"line":241,"column":56},"end":{"line":252,"column":17}},"line":241},"42":{"name":"(anonymous_42)","decl":{"start":{"line":242,"column":85},"end":{"line":242,"column":86}},"loc":{"start":{"line":242,"column":109},"end":{"line":251,"column":21}},"line":242},"43":{"name":"(anonymous_43)","decl":{"start":{"line":245,"column":64},"end":{"line":245,"column":65}},"loc":{"start":{"line":245,"column":69},"end":{"line":245,"column":107}},"line":245},"44":{"name":"(anonymous_44)","decl":{"start":{"line":258,"column":66},"end":{"line":258,"column":67}},"loc":{"start":{"line":258,"column":71},"end":{"line":258,"column":87}},"line":258}},"branchMap":{"0":{"loc":{"start":{"line":27,"column":12},"end":{"line":27,"column":34}},"type":"if","locations":[{"start":{"line":27,"column":12},"end":{"line":27,"column":34}},{"start":{},"end":{}}],"line":27},"1":{"loc":{"start":{"line":28,"column":12},"end":{"line":28,"column":50}},"type":"if","locations":[{"start":{"line":28,"column":12},"end":{"line":28,"column":50}},{"start":{},"end":{}}],"line":28},"2":{"loc":{"start":{"line":38,"column":16},"end":{"line":40,"column":17}},"type":"if","locations":[{"start":{"line":38,"column":16},"end":{"line":40,"column":17}},{"start":{},"end":{}}],"line":38},"3":{"loc":{"start":{"line":42,"column":16},"end":{"line":44,"column":17}},"type":"if","locations":[{"start":{"line":42,"column":16},"end":{"line":44,"column":17}},{"start":{},"end":{}}],"line":42},"4":{"loc":{"start":{"line":48,"column":20},"end":{"line":50,"column":21}},"type":"if","locations":[{"start":{"line":48,"column":20},"end":{"line":50,"column":21}},{"start":{},"end":{}}],"line":48},"5":{"loc":{"start":{"line":52,"column":20},"end":{"line":56,"column":21}},"type":"if","locations":[{"start":{"line":52,"column":20},"end":{"line":56,"column":21}},{"start":{"line":54,"column":27},"end":{"line":56,"column":21}}],"line":52},"6":{"loc":{"start":{"line":67,"column":16},"end":{"line":69,"column":17}},"type":"if","locations":[{"start":{"line":67,"column":16},"end":{"line":69,"column":17}},{"start":{},"end":{}}],"line":67},"7":{"loc":{"start":{"line":71,"column":16},"end":{"line":73,"column":17}},"type":"if","locations":[{"start":{"line":71,"column":16},"end":{"line":73,"column":17}},{"start":{},"end":{}}],"line":71},"8":{"loc":{"start":{"line":86,"column":16},"end":{"line":88,"column":17}},"type":"if","locations":[{"start":{"line":86,"column":16},"end":{"line":88,"column":17}},{"start":{},"end":{}}],"line":86},"9":{"loc":{"start":{"line":90,"column":16},"end":{"line":92,"column":17}},"type":"if","locations":[{"start":{"line":90,"column":16},"end":{"line":92,"column":17}},{"start":{},"end":{}}],"line":90},"10":{"loc":{"start":{"line":104,"column":16},"end":{"line":104,"column":103}},"type":"if","locations":[{"start":{"line":104,"column":16},"end":{"line":104,"column":103}},{"start":{},"end":{}}],"line":104},"11":{"loc":{"start":{"line":105,"column":16},"end":{"line":105,"column":96}},"type":"if","locations":[{"start":{"line":105,"column":16},"end":{"line":105,"column":96}},{"start":{},"end":{}}],"line":105},"12":{"loc":{"start":{"line":113,"column":12},"end":{"line":121,"column":13}},"type":"if","locations":[{"start":{"line":113,"column":12},"end":{"line":121,"column":13}},{"start":{},"end":{}}],"line":113},"13":{"loc":{"start":{"line":125,"column":16},"end":{"line":127,"column":17}},"type":"if","locations":[{"start":{"line":125,"column":16},"end":{"line":127,"column":17}},{"start":{},"end":{}}],"line":125},"14":{"loc":{"start":{"line":140,"column":16},"end":{"line":146,"column":17}},"type":"if","locations":[{"start":{"line":140,"column":16},"end":{"line":146,"column":17}},{"start":{"line":143,"column":23},"end":{"line":146,"column":17}}],"line":140},"15":{"loc":{"start":{"line":153,"column":16},"end":{"line":155,"column":17}},"type":"if","locations":[{"start":{"line":153,"column":16},"end":{"line":155,"column":17}},{"start":{},"end":{}}],"line":153},"16":{"loc":{"start":{"line":166,"column":16},"end":{"line":168,"column":17}},"type":"if","locations":[{"start":{"line":166,"column":16},"end":{"line":168,"column":17}},{"start":{},"end":{}}],"line":166},"17":{"loc":{"start":{"line":180,"column":16},"end":{"line":182,"column":17}},"type":"if","locations":[{"start":{"line":180,"column":16},"end":{"line":182,"column":17}},{"start":{},"end":{}}],"line":180},"18":{"loc":{"start":{"line":186,"column":20},"end":{"line":188,"column":21}},"type":"if","locations":[{"start":{"line":186,"column":20},"end":{"line":188,"column":21}},{"start":{},"end":{}}],"line":186},"19":{"loc":{"start":{"line":201,"column":16},"end":{"line":201,"column":43}},"type":"if","locations":[{"start":{"line":201,"column":16},"end":{"line":201,"column":43}},{"start":{},"end":{}}],"line":201},"20":{"loc":{"start":{"line":217,"column":8},"end":{"line":233,"column":9}},"type":"if","locations":[{"start":{"line":217,"column":8},"end":{"line":233,"column":9}},{"start":{},"end":{}}],"line":217},"21":{"loc":{"start":{"line":217,"column":12},"end":{"line":217,"column":48}},"type":"binary-expr","locations":[{"start":{"line":217,"column":12},"end":{"line":217,"column":22}},{"start":{"line":217,"column":26},"end":{"line":217,"column":48}}],"line":217},"22":{"loc":{"start":{"line":221,"column":20},"end":{"line":221,"column":48}},"type":"if","locations":[{"start":{"line":221,"column":20},"end":{"line":221,"column":48}},{"start":{},"end":{}}],"line":221},"23":{"loc":{"start":{"line":243,"column":24},"end":{"line":243,"column":52}},"type":"if","locations":[{"start":{"line":243,"column":24},"end":{"line":243,"column":52}},{"start":{},"end":{}}],"line":243}},"s":{"0":1,"1":1,"2":1,"3":1,"4":1,"5":1,"6":1,"7":0,"8":0,"9":0,"10":0,"11":0,"12":0,"13":0,"14":0,"15":0,"16":0,"17":0,"18":0,"19":0,"20":0,"21":0,"22":0,"23":0,"24":0,"25":0,"26":0,"27":0,"28":0,"29":0,"30":0,"31":0,"32":0,"33":0,"34":0,"35":0,"36":0,"37":0,"38":0,"39":0,"40":0,"41":0,"42":0,"43":0,"44":0,"45":0,"46":0,"47":0,"48":0,"49":0,"50":0,"51":0,"52":0,"53":0,"54":0,"55":0,"56":0,"57":0,"58":0,"59":0,"60":0,"61":0,"62":0,"63":0,"64":0,"65":0,"66":0,"67":0,"68":0,"69":0,"70":0,"71":0,"72":0,"73":0,"74":0,"75":0,"76":0,"77":0,"78":0,"79":0,"80":0,"81":0,"82":0,"83":0,"84":0,"85":0,"86":0,"87":0,"88":0,"89":0,"90":0,"91":0,"92":0,"93":0,"94":0,"95":0,"96":0,"97":0,"98":0,"99":0,"100":0,"101":0,"102":0,"103":0,"104":0,"105":0,"106":0,"107":0,"108":0,"109":0,"110":0,"111":0,"112":0,"113":0,"114":0,"115":0,"116":0,"117":0,"118":0,"119":0,"120":0,"121":0,"122":0,"123":0,"124":0,"125":0,"126":0,"127":0,"128":0,"129":0,"130":0,"131":0,"132":0,"133":0,"134":0,"135":0,"136":0,"137":0,"138":0,"139":0,"140":0,"141":0,"142":0,"143":0,"144":0,"145":0,"146":1},"f":{"0":0,"1":0,"2":0,"3":0,"4":0,"5":0,"6":0,"7":0,"8":0,"9":0,"10":0,"11":0,"12":0,"13":0,"14":0,"15":0,"16":0,"17":0,"18":0,"19":0,"20":0,"21":0,"22":0,"23":0,"24":0,"25":0,"26":0,"27":0,"28":0,"29":0,"30":0,"31":0,"32":0,"33":0,"34":0,"35":0,"36":0,"37":0,"38":0,"39":0,"40":0,"41":0,"42":0,"43":0,"44":0},"b":{"0":[0,0],"1":[0,0],"2":[0,0],"3":[0,0],"4":[0,0],"5":[0,0],"6":[0,0],"7":[0,0],"8":[0,0],"9":[0,0],"10":[0,0],"11":[0,0],"12":[0,0],"13":[0,0],"14":[0,0],"15":[0,0],"16":[0,0],"17":[0,0],"18":[0,0],"19":[0,0],"20":[0,0],"21":[0,0],"22":[0,0],"23":[0,0]},"_coverageSchema":"1a1c01bbd47fc00a2c39e90264f33305004495a9","hash":"57571bd5973288e6bdc6926d0bbd30b334fe7d34"}
,"D:\\Programming\\OnlineMarketPlaceTest\\backend\\controllers\\Product\\product.js": {"path":"D:\\Programming\\OnlineMarketPlaceTest\\backend\\controllers\\Product\\product.js","statementMap":{"0":{"start":{"line":1,"column":18},"end":{"line":1,"column":48}},"1":{"start":{"line":2,"column":19},"end":{"line":2,"column":45}},"2":{"start":{"line":3,"column":16},"end":{"line":3,"column":51}},"3":{"start":{"line":8,"column":8},"end":{"line":24,"column":10}},"4":{"start":{"line":9,"column":25},"end":{"line":9,"column":48}},"5":{"start":{"line":10,"column":35},"end":{"line":10,"column":37}},"6":{"start":{"line":11,"column":31},"end":{"line":11,"column":33}},"7":{"start":{"line":12,"column":12},"end":{"line":15,"column":13}},"8":{"start":{"line":13,"column":16},"end":{"line":13,"column":43}},"9":{"start":{"line":14,"column":16},"end":{"line":14,"column":51}},"10":{"start":{"line":17,"column":12},"end":{"line":17,"column":62}},"11":{"start":{"line":18,"column":12},"end":{"line":18,"column":64}},"12":{"start":{"line":18,"column":42},"end":{"line":18,"column":45}},"13":{"start":{"line":20,"column":12},"end":{"line":23,"column":14}},"14":{"start":{"line":21,"column":16},"end":{"line":21,"column":109}},"15":{"start":{"line":21,"column":25},"end":{"line":21,"column":109}},"16":{"start":{"line":22,"column":16},"end":{"line":22,"column":70}},"17":{"start":{"line":28,"column":22},"end":{"line":28,"column":89}},"18":{"start":{"line":29,"column":8},"end":{"line":32,"column":10}},"19":{"start":{"line":30,"column":12},"end":{"line":30,"column":34}},"20":{"start":{"line":30,"column":21},"end":{"line":30,"column":34}},"21":{"start":{"line":31,"column":12},"end":{"line":31,"column":50}},"22":{"start":{"line":31,"column":38},"end":{"line":31,"column":50}},"23":{"start":{"line":36,"column":8},"end":{"line":51,"column":10}},"24":{"start":{"line":37,"column":12},"end":{"line":37,"column":103}},"25":{"start":{"line":38,"column":12},"end":{"line":38,"column":119}},"26":{"start":{"line":39,"column":34},"end":{"line":39,"column":39}},"27":{"start":{"line":41,"column":12},"end":{"line":44,"column":14}},"28":{"start":{"line":42,"column":16},"end":{"line":42,"column":109}},"29":{"start":{"line":42,"column":25},"end":{"line":42,"column":109}},"30":{"start":{"line":43,"column":16},"end":{"line":43,"column":63}},"31":{"start":{"line":43,"column":42},"end":{"line":43,"column":63}},"32":{"start":{"line":46,"column":12},"end":{"line":49,"column":14}},"33":{"start":{"line":47,"column":16},"end":{"line":47,"column":109}},"34":{"start":{"line":47,"column":25},"end":{"line":47,"column":109}},"35":{"start":{"line":48,"column":16},"end":{"line":48,"column":74}},"36":{"start":{"line":55,"column":8},"end":{"line":72,"column":10}},"37":{"start":{"line":56,"column":26},"end":{"line":56,"column":47}},"38":{"start":{"line":57,"column":28},"end":{"line":57,"column":30}},"39":{"start":{"line":58,"column":31},"end":{"line":58,"column":33}},"40":{"start":{"line":60,"column":12},"end":{"line":63,"column":13}},"41":{"start":{"line":61,"column":16},"end":{"line":61,"column":44}},"42":{"start":{"line":62,"column":16},"end":{"line":62,"column":50}},"43":{"start":{"line":65,"column":12},"end":{"line":65,"column":64}},"44":{"start":{"line":66,"column":12},"end":{"line":66,"column":38}},"45":{"start":{"line":68,"column":12},"end":{"line":71,"column":14}},"46":{"start":{"line":69,"column":16},"end":{"line":69,"column":109}},"47":{"start":{"line":69,"column":25},"end":{"line":69,"column":109}},"48":{"start":{"line":70,"column":16},"end":{"line":70,"column":77}},"49":{"start":{"line":76,"column":8},"end":{"line":101,"column":10}},"50":{"start":{"line":77,"column":26},"end":{"line":77,"column":151}},"51":{"start":{"line":78,"column":12},"end":{"line":100,"column":14}},"52":{"start":{"line":79,"column":16},"end":{"line":79,"column":107}},"53":{"start":{"line":79,"column":25},"end":{"line":79,"column":107}},"54":{"start":{"line":80,"column":16},"end":{"line":80,"column":101}},"55":{"start":{"line":80,"column":42},"end":{"line":80,"column":101}},"56":{"start":{"line":82,"column":110},"end":{"line":82,"column":120}},"57":{"start":{"line":83,"column":35},"end":{"line":83,"column":152}},"58":{"start":{"line":85,"column":16},"end":{"line":85,"column":47}},"59":{"start":{"line":87,"column":16},"end":{"line":99,"column":19}},"60":{"start":{"line":106,"column":8},"end":{"line":112,"column":10}},"61":{"start":{"line":107,"column":26},"end":{"line":107,"column":67}},"62":{"start":{"line":108,"column":12},"end":{"line":111,"column":14}},"63":{"start":{"line":109,"column":16},"end":{"line":109,"column":109}},"64":{"start":{"line":109,"column":25},"end":{"line":109,"column":109}},"65":{"start":{"line":110,"column":16},"end":{"line":110,"column":89}},"66":{"start":{"line":116,"column":22},"end":{"line":116,"column":87}},"67":{"start":{"line":117,"column":8},"end":{"line":120,"column":10}},"68":{"start":{"line":118,"column":12},"end":{"line":118,"column":34}},"69":{"start":{"line":118,"column":21},"end":{"line":118,"column":34}},"70":{"start":{"line":119,"column":12},"end":{"line":119,"column":50}},"71":{"start":{"line":119,"column":38},"end":{"line":119,"column":50}},"72":{"start":{"line":125,"column":0},"end":{"line":125,"column":33}}},"fnMap":{"0":{"name":"(anonymous_0)","decl":{"start":{"line":5,"column":4},"end":{"line":5,"column":5}},"loc":{"start":{"line":5,"column":17},"end":{"line":5,"column":19}},"line":5},"1":{"name":"(anonymous_1)","decl":{"start":{"line":7,"column":4},"end":{"line":7,"column":5}},"loc":{"start":{"line":7,"column":29},"end":{"line":25,"column":5}},"line":7},"2":{"name":"(anonymous_2)","decl":{"start":{"line":8,"column":27},"end":{"line":8,"column":28}},"loc":{"start":{"line":8,"column":48},"end":{"line":24,"column":9}},"line":8},"3":{"name":"(anonymous_3)","decl":{"start":{"line":18,"column":36},"end":{"line":18,"column":37}},"loc":{"start":{"line":18,"column":42},"end":{"line":18,"column":45}},"line":18},"4":{"name":"(anonymous_4)","decl":{"start":{"line":20,"column":48},"end":{"line":20,"column":49}},"loc":{"start":{"line":20,"column":66},"end":{"line":23,"column":13}},"line":20},"5":{"name":"(anonymous_5)","decl":{"start":{"line":27,"column":4},"end":{"line":27,"column":5}},"loc":{"start":{"line":27,"column":35},"end":{"line":33,"column":5}},"line":27},"6":{"name":"(anonymous_6)","decl":{"start":{"line":29,"column":45},"end":{"line":29,"column":46}},"loc":{"start":{"line":29,"column":63},"end":{"line":32,"column":9}},"line":29},"7":{"name":"(anonymous_7)","decl":{"start":{"line":35,"column":4},"end":{"line":35,"column":5}},"loc":{"start":{"line":35,"column":56},"end":{"line":52,"column":5}},"line":35},"8":{"name":"(anonymous_8)","decl":{"start":{"line":36,"column":27},"end":{"line":36,"column":28}},"loc":{"start":{"line":36,"column":48},"end":{"line":51,"column":9}},"line":36},"9":{"name":"(anonymous_9)","decl":{"start":{"line":41,"column":70},"end":{"line":41,"column":71}},"loc":{"start":{"line":41,"column":88},"end":{"line":44,"column":13}},"line":41},"10":{"name":"(anonymous_10)","decl":{"start":{"line":46,"column":80},"end":{"line":46,"column":81}},"loc":{"start":{"line":46,"column":98},"end":{"line":49,"column":13}},"line":46},"11":{"name":"(anonymous_11)","decl":{"start":{"line":54,"column":4},"end":{"line":54,"column":5}},"loc":{"start":{"line":54,"column":45},"end":{"line":73,"column":5}},"line":54},"12":{"name":"(anonymous_12)","decl":{"start":{"line":55,"column":27},"end":{"line":55,"column":28}},"loc":{"start":{"line":55,"column":48},"end":{"line":72,"column":9}},"line":55},"13":{"name":"(anonymous_13)","decl":{"start":{"line":68,"column":48},"end":{"line":68,"column":49}},"loc":{"start":{"line":68,"column":66},"end":{"line":71,"column":13}},"line":68},"14":{"name":"(anonymous_14)","decl":{"start":{"line":75,"column":4},"end":{"line":75,"column":5}},"loc":{"start":{"line":75,"column":31},"end":{"line":103,"column":5}},"line":75},"15":{"name":"(anonymous_15)","decl":{"start":{"line":76,"column":27},"end":{"line":76,"column":28}},"loc":{"start":{"line":76,"column":48},"end":{"line":101,"column":9}},"line":76},"16":{"name":"(anonymous_16)","decl":{"start":{"line":78,"column":49},"end":{"line":78,"column":50}},"loc":{"start":{"line":78,"column":73},"end":{"line":100,"column":13}},"line":78},"17":{"name":"(anonymous_17)","decl":{"start":{"line":105,"column":4},"end":{"line":105,"column":5}},"loc":{"start":{"line":105,"column":35},"end":{"line":113,"column":5}},"line":105},"18":{"name":"(anonymous_18)","decl":{"start":{"line":106,"column":27},"end":{"line":106,"column":28}},"loc":{"start":{"line":106,"column":48},"end":{"line":112,"column":9}},"line":106},"19":{"name":"(anonymous_19)","decl":{"start":{"line":108,"column":49},"end":{"line":108,"column":50}},"loc":{"start":{"line":108,"column":67},"end":{"line":111,"column":13}},"line":108},"20":{"name":"(anonymous_20)","decl":{"start":{"line":115,"column":4},"end":{"line":115,"column":5}},"loc":{"start":{"line":115,"column":34},"end":{"line":121,"column":5}},"line":115},"21":{"name":"(anonymous_21)","decl":{"start":{"line":117,"column":44},"end":{"line":117,"column":45}},"loc":{"start":{"line":117,"column":62},"end":{"line":120,"column":9}},"line":117}},"branchMap":{"0":{"loc":{"start":{"line":21,"column":16},"end":{"line":21,"column":109}},"type":"if","locations":[{"start":{"line":21,"column":16},"end":{"line":21,"column":109}},{"start":{},"end":{}}],"line":21},"1":{"loc":{"start":{"line":30,"column":12},"end":{"line":30,"column":34}},"type":"if","locations":[{"start":{"line":30,"column":12},"end":{"line":30,"column":34}},{"start":{},"end":{}}],"line":30},"2":{"loc":{"start":{"line":31,"column":12},"end":{"line":31,"column":50}},"type":"if","locations":[{"start":{"line":31,"column":12},"end":{"line":31,"column":50}},{"start":{},"end":{}}],"line":31},"3":{"loc":{"start":{"line":42,"column":16},"end":{"line":42,"column":109}},"type":"if","locations":[{"start":{"line":42,"column":16},"end":{"line":42,"column":109}},{"start":{},"end":{}}],"line":42},"4":{"loc":{"start":{"line":43,"column":16},"end":{"line":43,"column":63}},"type":"if","locations":[{"start":{"line":43,"column":16},"end":{"line":43,"column":63}},{"start":{},"end":{}}],"line":43},"5":{"loc":{"start":{"line":47,"column":16},"end":{"line":47,"column":109}},"type":"if","locations":[{"start":{"line":47,"column":16},"end":{"line":47,"column":109}},{"start":{},"end":{}}],"line":47},"6":{"loc":{"start":{"line":69,"column":16},"end":{"line":69,"column":109}},"type":"if","locations":[{"start":{"line":69,"column":16},"end":{"line":69,"column":109}},{"start":{},"end":{}}],"line":69},"7":{"loc":{"start":{"line":79,"column":16},"end":{"line":79,"column":107}},"type":"if","locations":[{"start":{"line":79,"column":16},"end":{"line":79,"column":107}},{"start":{},"end":{}}],"line":79},"8":{"loc":{"start":{"line":80,"column":16},"end":{"line":80,"column":101}},"type":"if","locations":[{"start":{"line":80,"column":16},"end":{"line":80,"column":101}},{"start":{},"end":{}}],"line":80},"9":{"loc":{"start":{"line":109,"column":16},"end":{"line":109,"column":109}},"type":"if","locations":[{"start":{"line":109,"column":16},"end":{"line":109,"column":109}},{"start":{},"end":{}}],"line":109},"10":{"loc":{"start":{"line":118,"column":12},"end":{"line":118,"column":34}},"type":"if","locations":[{"start":{"line":118,"column":12},"end":{"line":118,"column":34}},{"start":{},"end":{}}],"line":118},"11":{"loc":{"start":{"line":119,"column":12},"end":{"line":119,"column":50}},"type":"if","locations":[{"start":{"line":119,"column":12},"end":{"line":119,"column":50}},{"start":{},"end":{}}],"line":119}},"s":{"0":1,"1":1,"2":1,"3":0,"4":0,"5":0,"6":0,"7":0,"8":0,"9":0,"10":0,"11":0,"12":0,"13":0,"14":0,"15":0,"16":0,"17":0,"18":0,"19":0,"20":0,"21":0,"22":0,"23":0,"24":0,"25":0,"26":0,"27":0,"28":0,"29":0,"30":0,"31":0,"32":0,"33":0,"34":0,"35":0,"36":0,"37":0,"38":0,"39":0,"40":0,"41":0,"42":0,"43":0,"44":0,"45":0,"46":0,"47":0,"48":0,"49":0,"50":0,"51":0,"52":0,"53":0,"54":0,"55":0,"56":0,"57":0,"58":0,"59":0,"60":0,"61":0,"62":0,"63":0,"64":0,"65":0,"66":0,"67":0,"68":0,"69":0,"70":0,"71":0,"72":1},"f":{"0":0,"1":0,"2":0,"3":0,"4":0,"5":0,"6":0,"7":0,"8":0,"9":0,"10":0,"11":0,"12":0,"13":0,"14":0,"15":0,"16":0,"17":0,"18":0,"19":0,"20":0,"21":0},"b":{"0":[0,0],"1":[0,0],"2":[0,0],"3":[0,0],"4":[0,0],"5":[0,0],"6":[0,0],"7":[0,0],"8":[0,0],"9":[0,0],"10":[0,0],"11":[0,0]},"_coverageSchema":"1a1c01bbd47fc00a2c39e90264f33305004495a9","hash":"258b4dbba0500678a062025498d4b3aea1ce3a4d"}
,"D:\\Programming\\OnlineMarketPlaceTest\\backend\\controllers\\Product\\productController.js": {"path":"D:\\Programming\\OnlineMarketPlaceTest\\backend\\controllers\\Product\\productController.js","statementMap":{"0":{"start":{"line":1,"column":19},"end":{"line":1,"column":45}},"1":{"start":{"line":6,"column":21},"end":{"line":6,"column":23}},"2":{"start":{"line":11,"column":21},"end":{"line":11,"column":22}},"3":{"start":{"line":14,"column":20},"end":{"line":14,"column":22}},"4":{"start":{"line":15,"column":24},"end":{"line":15,"column":28}},"5":{"start":{"line":16,"column":30},"end":{"line":16,"column":32}},"6":{"start":{"line":17,"column":30},"end":{"line":17,"column":31}},"7":{"start":{"line":18,"column":29},"end":{"line":18,"column":33}},"8":{"start":{"line":19,"column":29},"end":{"line":19,"column":31}},"9":{"start":{"line":20,"column":23},"end":{"line":20,"column":24}},"10":{"start":{"line":21,"column":23},"end":{"line":21,"column":24}},"11":{"start":{"line":24,"column":8},"end":{"line":24,"column":35}},"12":{"start":{"line":25,"column":8},"end":{"line":25,"column":33}},"13":{"start":{"line":26,"column":8},"end":{"line":26,"column":41}},"14":{"start":{"line":27,"column":8},"end":{"line":27,"column":39}},"15":{"start":{"line":28,"column":8},"end":{"line":28,"column":37}},"16":{"start":{"line":29,"column":8},"end":{"line":29,"column":41}},"17":{"start":{"line":30,"column":8},"end":{"line":30,"column":35}},"18":{"start":{"line":31,"column":8},"end":{"line":31,"column":35}},"19":{"start":{"line":35,"column":20},"end":{"line":35,"column":70}},"20":{"start":{"line":36,"column":8},"end":{"line":40,"column":10}},"21":{"start":{"line":37,"column":12},"end":{"line":37,"column":29}},"22":{"start":{"line":37,"column":21},"end":{"line":37,"column":29}},"23":{"start":{"line":38,"column":12},"end":{"line":38,"column":46}},"24":{"start":{"line":38,"column":38},"end":{"line":38,"column":46}},"25":{"start":{"line":39,"column":12},"end":{"line":39,"column":48}},"26":{"start":{"line":45,"column":8},"end":{"line":53,"column":10}},"27":{"start":{"line":46,"column":24},"end":{"line":46,"column":77}},"28":{"start":{"line":47,"column":12},"end":{"line":52,"column":14}},"29":{"start":{"line":48,"column":16},"end":{"line":48,"column":44}},"30":{"start":{"line":48,"column":25},"end":{"line":48,"column":44}},"31":{"start":{"line":49,"column":16},"end":{"line":49,"column":61}},"32":{"start":{"line":49,"column":42},"end":{"line":49,"column":61}},"33":{"start":{"line":50,"column":16},"end":{"line":50,"column":62}},"34":{"start":{"line":51,"column":16},"end":{"line":51,"column":26}},"35":{"start":{"line":57,"column":8},"end":{"line":66,"column":10}},"36":{"start":{"line":58,"column":24},"end":{"line":58,"column":81}},"37":{"start":{"line":59,"column":12},"end":{"line":65,"column":14}},"38":{"start":{"line":60,"column":16},"end":{"line":60,"column":44}},"39":{"start":{"line":60,"column":25},"end":{"line":60,"column":44}},"40":{"start":{"line":61,"column":16},"end":{"line":61,"column":60}},"41":{"start":{"line":61,"column":42},"end":{"line":61,"column":60}},"42":{"start":{"line":62,"column":36},"end":{"line":62,"column":91}},"43":{"start":{"line":62,"column":68},"end":{"line":62,"column":87}},"44":{"start":{"line":63,"column":16},"end":{"line":63,"column":79}},"45":{"start":{"line":64,"column":16},"end":{"line":64,"column":25}},"46":{"start":{"line":70,"column":8},"end":{"line":78,"column":10}},"47":{"start":{"line":71,"column":24},"end":{"line":71,"column":124}},"48":{"start":{"line":72,"column":12},"end":{"line":77,"column":14}},"49":{"start":{"line":73,"column":16},"end":{"line":73,"column":44}},"50":{"start":{"line":73,"column":25},"end":{"line":73,"column":44}},"51":{"start":{"line":74,"column":16},"end":{"line":74,"column":61}},"52":{"start":{"line":74,"column":42},"end":{"line":74,"column":61}},"53":{"start":{"line":75,"column":16},"end":{"line":75,"column":74}},"54":{"start":{"line":75,"column":61},"end":{"line":75,"column":73}},"55":{"start":{"line":76,"column":16},"end":{"line":76,"column":25}},"56":{"start":{"line":82,"column":8},"end":{"line":88,"column":9}},"57":{"start":{"line":83,"column":12},"end":{"line":83,"column":47}},"58":{"start":{"line":84,"column":12},"end":{"line":84,"column":47}},"59":{"start":{"line":85,"column":12},"end":{"line":85,"column":46}},"60":{"start":{"line":87,"column":12},"end":{"line":87,"column":61}},"61":{"start":{"line":92,"column":8},"end":{"line":92,"column":30}},"62":{"start":{"line":96,"column":8},"end":{"line":96,"column":29}},"63":{"start":{"line":100,"column":8},"end":{"line":100,"column":34}},"64":{"start":{"line":104,"column":8},"end":{"line":104,"column":33}},"65":{"start":{"line":108,"column":8},"end":{"line":108,"column":32}},"66":{"start":{"line":112,"column":8},"end":{"line":112,"column":31}},"67":{"start":{"line":116,"column":8},"end":{"line":116,"column":33}},"68":{"start":{"line":120,"column":8},"end":{"line":120,"column":34}},"69":{"start":{"line":124,"column":8},"end":{"line":124,"column":30}},"70":{"start":{"line":128,"column":8},"end":{"line":128,"column":30}},"71":{"start":{"line":132,"column":8},"end":{"line":132,"column":33}},"72":{"start":{"line":138,"column":0},"end":{"line":138,"column":29}}},"fnMap":{"0":{"name":"(anonymous_0)","decl":{"start":{"line":23,"column":4},"end":{"line":23,"column":5}},"loc":{"start":{"line":23,"column":111},"end":{"line":32,"column":5}},"line":23},"1":{"name":"(anonymous_1)","decl":{"start":{"line":34,"column":4},"end":{"line":34,"column":5}},"loc":{"start":{"line":34,"column":34},"end":{"line":41,"column":5}},"line":34},"2":{"name":"(anonymous_2)","decl":{"start":{"line":36,"column":55},"end":{"line":36,"column":56}},"loc":{"start":{"line":36,"column":73},"end":{"line":40,"column":9}},"line":36},"3":{"name":"(anonymous_3)","decl":{"start":{"line":44,"column":4},"end":{"line":44,"column":5}},"loc":{"start":{"line":44,"column":27},"end":{"line":54,"column":5}},"line":44},"4":{"name":"(anonymous_4)","decl":{"start":{"line":45,"column":27},"end":{"line":45,"column":28}},"loc":{"start":{"line":45,"column":48},"end":{"line":53,"column":9}},"line":45},"5":{"name":"(anonymous_5)","decl":{"start":{"line":47,"column":54},"end":{"line":47,"column":55}},"loc":{"start":{"line":47,"column":72},"end":{"line":52,"column":13}},"line":47},"6":{"name":"(anonymous_6)","decl":{"start":{"line":56,"column":4},"end":{"line":56,"column":5}},"loc":{"start":{"line":56,"column":27},"end":{"line":67,"column":5}},"line":56},"7":{"name":"(anonymous_7)","decl":{"start":{"line":57,"column":27},"end":{"line":57,"column":28}},"loc":{"start":{"line":57,"column":48},"end":{"line":66,"column":9}},"line":57},"8":{"name":"(anonymous_8)","decl":{"start":{"line":59,"column":55},"end":{"line":59,"column":56}},"loc":{"start":{"line":59,"column":73},"end":{"line":65,"column":13}},"line":59},"9":{"name":"(anonymous_9)","decl":{"start":{"line":62,"column":51},"end":{"line":62,"column":52}},"loc":{"start":{"line":62,"column":68},"end":{"line":62,"column":87}},"line":62},"10":{"name":"(anonymous_10)","decl":{"start":{"line":69,"column":4},"end":{"line":69,"column":5}},"loc":{"start":{"line":69,"column":26},"end":{"line":79,"column":5}},"line":69},"11":{"name":"(anonymous_11)","decl":{"start":{"line":70,"column":27},"end":{"line":70,"column":28}},"loc":{"start":{"line":70,"column":48},"end":{"line":78,"column":9}},"line":70},"12":{"name":"(anonymous_12)","decl":{"start":{"line":72,"column":55},"end":{"line":72,"column":56}},"loc":{"start":{"line":72,"column":73},"end":{"line":77,"column":13}},"line":72},"13":{"name":"(anonymous_13)","decl":{"start":{"line":75,"column":49},"end":{"line":75,"column":50}},"loc":{"start":{"line":75,"column":61},"end":{"line":75,"column":73}},"line":75},"14":{"name":"(anonymous_14)","decl":{"start":{"line":81,"column":4},"end":{"line":81,"column":5}},"loc":{"start":{"line":81,"column":23},"end":{"line":89,"column":5}},"line":81},"15":{"name":"(anonymous_15)","decl":{"start":{"line":91,"column":4},"end":{"line":91,"column":5}},"loc":{"start":{"line":91,"column":18},"end":{"line":93,"column":5}},"line":91},"16":{"name":"(anonymous_16)","decl":{"start":{"line":95,"column":4},"end":{"line":95,"column":5}},"loc":{"start":{"line":95,"column":17},"end":{"line":97,"column":5}},"line":95},"17":{"name":"(anonymous_17)","decl":{"start":{"line":99,"column":4},"end":{"line":99,"column":5}},"loc":{"start":{"line":99,"column":22},"end":{"line":101,"column":5}},"line":99},"18":{"name":"(anonymous_18)","decl":{"start":{"line":103,"column":4},"end":{"line":103,"column":5}},"loc":{"start":{"line":103,"column":21},"end":{"line":105,"column":5}},"line":103},"19":{"name":"(anonymous_19)","decl":{"start":{"line":107,"column":4},"end":{"line":107,"column":5}},"loc":{"start":{"line":107,"column":20},"end":{"line":109,"column":5}},"line":107},"20":{"name":"(anonymous_20)","decl":{"start":{"line":111,"column":4},"end":{"line":111,"column":5}},"loc":{"start":{"line":111,"column":19},"end":{"line":113,"column":5}},"line":111},"21":{"name":"(anonymous_21)","decl":{"start":{"line":115,"column":4},"end":{"line":115,"column":5}},"loc":{"start":{"line":115,"column":21},"end":{"line":117,"column":5}},"line":115},"22":{"name":"(anonymous_22)","decl":{"start":{"line":119,"column":4},"end":{"line":119,"column":5}},"loc":{"start":{"line":119,"column":22},"end":{"line":121,"column":5}},"line":119},"23":{"name":"(anonymous_23)","decl":{"start":{"line":123,"column":4},"end":{"line":123,"column":5}},"loc":{"start":{"line":123,"column":18},"end":{"line":125,"column":5}},"line":123},"24":{"name":"(anonymous_24)","decl":{"start":{"line":127,"column":4},"end":{"line":127,"column":5}},"loc":{"start":{"line":127,"column":18},"end":{"line":129,"column":5}},"line":127},"25":{"name":"(anonymous_25)","decl":{"start":{"line":131,"column":4},"end":{"line":131,"column":5}},"loc":{"start":{"line":131,"column":21},"end":{"line":133,"column":5}},"line":131}},"branchMap":{"0":{"loc":{"start":{"line":37,"column":12},"end":{"line":37,"column":29}},"type":"if","locations":[{"start":{"line":37,"column":12},"end":{"line":37,"column":29}},{"start":{},"end":{}}],"line":37},"1":{"loc":{"start":{"line":38,"column":12},"end":{"line":38,"column":46}},"type":"if","locations":[{"start":{"line":38,"column":12},"end":{"line":38,"column":46}},{"start":{},"end":{}}],"line":38},"2":{"loc":{"start":{"line":48,"column":16},"end":{"line":48,"column":44}},"type":"if","locations":[{"start":{"line":48,"column":16},"end":{"line":48,"column":44}},{"start":{},"end":{}}],"line":48},"3":{"loc":{"start":{"line":49,"column":16},"end":{"line":49,"column":61}},"type":"if","locations":[{"start":{"line":49,"column":16},"end":{"line":49,"column":61}},{"start":{},"end":{}}],"line":49},"4":{"loc":{"start":{"line":60,"column":16},"end":{"line":60,"column":44}},"type":"if","locations":[{"start":{"line":60,"column":16},"end":{"line":60,"column":44}},{"start":{},"end":{}}],"line":60},"5":{"loc":{"start":{"line":61,"column":16},"end":{"line":61,"column":60}},"type":"if","locations":[{"start":{"line":61,"column":16},"end":{"line":61,"column":60}},{"start":{},"end":{}}],"line":61},"6":{"loc":{"start":{"line":73,"column":16},"end":{"line":73,"column":44}},"type":"if","locations":[{"start":{"line":73,"column":16},"end":{"line":73,"column":44}},{"start":{},"end":{}}],"line":73},"7":{"loc":{"start":{"line":74,"column":16},"end":{"line":74,"column":61}},"type":"if","locations":[{"start":{"line":74,"column":16},"end":{"line":74,"column":61}},{"start":{},"end":{}}],"line":74}},"s":{"0":1,"1":0,"2":0,"3":0,"4":0,"5":0,"6":0,"7":0,"8":0,"9":0,"10":0,"11":0,"12":0,"13":0,"14":0,"15":0,"16":0,"17":0,"18":0,"19":0,"20":0,"21":0,"22":0,"23":0,"24":0,"25":0,"26":0,"27":0,"28":0,"29":0,"30":0,"31":0,"32":0,"33":0,"34":0,"35":0,"36":0,"37":0,"38":0,"39":0,"40":0,"41":0,"42":0,"43":0,"44":0,"45":0,"46":0,"47":0,"48":0,"49":0,"50":0,"51":0,"52":0,"53":0,"54":0,"55":0,"56":0,"57":0,"58":0,"59":0,"60":0,"61":0,"62":0,"63":0,"64":0,"65":0,"66":0,"67":0,"68":0,"69":0,"70":0,"71":0,"72":1},"f":{"0":0,"1":0,"2":0,"3":0,"4":0,"5":0,"6":0,"7":0,"8":0,"9":0,"10":0,"11":0,"12":0,"13":0,"14":0,"15":0,"16":0,"17":0,"18":0,"19":0,"20":0,"21":0,"22":0,"23":0,"24":0,"25":0},"b":{"0":[0,0],"1":[0,0],"2":[0,0],"3":[0,0],"4":[0,0],"5":[0,0],"6":[0,0],"7":[0,0]},"_coverageSchema":"1a1c01bbd47fc00a2c39e90264f33305004495a9","hash":"fbb503dd731b632abe404c2b1e7326374da47049"}
,"D:\\Programming\\OnlineMarketPlaceTest\\backend\\controllers\\Transactions\\transactionClass.js": {"path":"D:\\Programming\\OnlineMarketPlaceTest\\backend\\controllers\\Transactions\\transactionClass.js","statementMap":{"0":{"start":{"line":1,"column":19},"end":{"line":1,"column":45}},"1":{"start":{"line":10,"column":19},"end":{"line":10,"column":21}},"2":{"start":{"line":11,"column":18},"end":{"line":11,"column":20}},"3":{"start":{"line":12,"column":16},"end":{"line":12,"column":18}},"4":{"start":{"line":13,"column":34},"end":{"line":13,"column":36}},"5":{"start":{"line":16,"column":8},"end":{"line":16,"column":43}},"6":{"start":{"line":17,"column":8},"end":{"line":17,"column":29}},"7":{"start":{"line":18,"column":8},"end":{"line":18,"column":33}},"8":{"start":{"line":19,"column":8},"end":{"line":19,"column":35}},"9":{"start":{"line":20,"column":8},"end":{"line":20,"column":39}},"10":{"start":{"line":21,"column":8},"end":{"line":21,"column":25}},"11":{"start":{"line":26,"column":8},"end":{"line":35,"column":11}},"12":{"start":{"line":27,"column":24},"end":{"line":27,"column":77}},"13":{"start":{"line":28,"column":12},"end":{"line":34,"column":14}},"14":{"start":{"line":29,"column":16},"end":{"line":29,"column":44}},"15":{"start":{"line":29,"column":25},"end":{"line":29,"column":44}},"16":{"start":{"line":30,"column":16},"end":{"line":30,"column":61}},"17":{"start":{"line":30,"column":42},"end":{"line":30,"column":61}},"18":{"start":{"line":32,"column":16},"end":{"line":32,"column":60}},"19":{"start":{"line":33,"column":16},"end":{"line":33,"column":26}},"20":{"start":{"line":39,"column":8},"end":{"line":48,"column":11}},"21":{"start":{"line":40,"column":24},"end":{"line":40,"column":68}},"22":{"start":{"line":41,"column":12},"end":{"line":47,"column":14}},"23":{"start":{"line":42,"column":16},"end":{"line":42,"column":44}},"24":{"start":{"line":42,"column":25},"end":{"line":42,"column":44}},"25":{"start":{"line":43,"column":16},"end":{"line":43,"column":61}},"26":{"start":{"line":43,"column":42},"end":{"line":43,"column":61}},"27":{"start":{"line":44,"column":16},"end":{"line":44,"column":36}},"28":{"start":{"line":45,"column":16},"end":{"line":45,"column":53}},"29":{"start":{"line":46,"column":16},"end":{"line":46,"column":26}},"30":{"start":{"line":52,"column":8},"end":{"line":61,"column":11}},"31":{"start":{"line":53,"column":24},"end":{"line":53,"column":77}},"32":{"start":{"line":54,"column":12},"end":{"line":60,"column":14}},"33":{"start":{"line":55,"column":16},"end":{"line":55,"column":44}},"34":{"start":{"line":55,"column":25},"end":{"line":55,"column":44}},"35":{"start":{"line":56,"column":16},"end":{"line":56,"column":61}},"36":{"start":{"line":56,"column":42},"end":{"line":56,"column":61}},"37":{"start":{"line":58,"column":16},"end":{"line":58,"column":59}},"38":{"start":{"line":59,"column":16},"end":{"line":59,"column":26}},"39":{"start":{"line":66,"column":8},"end":{"line":72,"column":9}},"40":{"start":{"line":67,"column":12},"end":{"line":67,"column":45}},"41":{"start":{"line":68,"column":12},"end":{"line":68,"column":44}},"42":{"start":{"line":69,"column":12},"end":{"line":69,"column":42}},"43":{"start":{"line":71,"column":12},"end":{"line":71,"column":61}},"44":{"start":{"line":77,"column":8},"end":{"line":77,"column":34}},"45":{"start":{"line":81,"column":8},"end":{"line":81,"column":27}},"46":{"start":{"line":85,"column":8},"end":{"line":85,"column":29}},"47":{"start":{"line":89,"column":8},"end":{"line":89,"column":30}},"48":{"start":{"line":93,"column":8},"end":{"line":93,"column":32}},"49":{"start":{"line":97,"column":8},"end":{"line":97,"column":25}},"50":{"start":{"line":101,"column":8},"end":{"line":101,"column":32}},"51":{"start":{"line":105,"column":8},"end":{"line":105,"column":31}},"52":{"start":{"line":109,"column":8},"end":{"line":109,"column":29}},"53":{"start":{"line":113,"column":0},"end":{"line":113,"column":33}}},"fnMap":{"0":{"name":"(anonymous_0)","decl":{"start":{"line":15,"column":4},"end":{"line":15,"column":5}},"loc":{"start":{"line":15,"column":78},"end":{"line":22,"column":5}},"line":15},"1":{"name":"(anonymous_1)","decl":{"start":{"line":25,"column":4},"end":{"line":25,"column":5}},"loc":{"start":{"line":25,"column":24},"end":{"line":36,"column":5}},"line":25},"2":{"name":"(anonymous_2)","decl":{"start":{"line":26,"column":27},"end":{"line":26,"column":28}},"loc":{"start":{"line":26,"column":48},"end":{"line":35,"column":9}},"line":26},"3":{"name":"(anonymous_3)","decl":{"start":{"line":28,"column":54},"end":{"line":28,"column":55}},"loc":{"start":{"line":28,"column":72},"end":{"line":34,"column":13}},"line":28},"4":{"name":"(anonymous_4)","decl":{"start":{"line":38,"column":4},"end":{"line":38,"column":5}},"loc":{"start":{"line":38,"column":22},"end":{"line":49,"column":5}},"line":38},"5":{"name":"(anonymous_5)","decl":{"start":{"line":39,"column":27},"end":{"line":39,"column":28}},"loc":{"start":{"line":39,"column":48},"end":{"line":48,"column":9}},"line":39},"6":{"name":"(anonymous_6)","decl":{"start":{"line":41,"column":52},"end":{"line":41,"column":53}},"loc":{"start":{"line":41,"column":70},"end":{"line":47,"column":13}},"line":41},"7":{"name":"(anonymous_7)","decl":{"start":{"line":51,"column":4},"end":{"line":51,"column":5}},"loc":{"start":{"line":51,"column":25},"end":{"line":62,"column":5}},"line":51},"8":{"name":"(anonymous_8)","decl":{"start":{"line":52,"column":27},"end":{"line":52,"column":28}},"loc":{"start":{"line":52,"column":48},"end":{"line":61,"column":9}},"line":52},"9":{"name":"(anonymous_9)","decl":{"start":{"line":54,"column":55},"end":{"line":54,"column":56}},"loc":{"start":{"line":54,"column":73},"end":{"line":60,"column":13}},"line":54},"10":{"name":"(anonymous_10)","decl":{"start":{"line":65,"column":4},"end":{"line":65,"column":5}},"loc":{"start":{"line":65,"column":23},"end":{"line":73,"column":5}},"line":65},"11":{"name":"(anonymous_11)","decl":{"start":{"lin
[...]
,"D:\\Programming\\OnlineMarketPlaceTest\\backend\\validation\\validateTransaction.js": {"path":"D:\\Programming\\OnlineMarketPlaceTest\\backend\\validation\\validateTransaction.js","statementMap":{"0":{"start":{"line":1,"column":28},"end":{"line":1,"column":57}},"1":{"start":{"line":2,"column":0},"end":{"line":2,"column":20}},"2":{"start":{"line":8,"column":28},"end":{"line":8,"column":56}},"3":{"start":{"line":9,"column":4},"end":{"line":11,"column":5}},"4":{"start":{"line":10,"column":8},"end":{"line":10,"column":72}},"5":{"start":{"line":13,"column":4},"end":{"line":16,"column":5}},"6":{"start":{"line":15,"column":8},"end":{"line":15,"column":62}},"7":{"start":{"line":18,"column":4},"end":{"line":24,"column":5}},"8":{"start":{"line":19,"column":22},"end":{"line":19,"column":50}},"9":{"start":{"line":20,"column":8},"end":{"line":23,"column":9}},"10":{"start":{"line":22,"column":12},"end":{"line":22,"column":66}},"11":{"start":{"line":26,"column":4},"end":{"line":32,"column":5}},"12":{"start":{"line":27,"column":21},"end":{"line":27,"column":48}},"13":{"start":{"line":28,"column":8},"end":{"line":31,"column":9}},"14":{"start":{"line":30,"column":12},"end":{"line":30,"column":59}},"15":{"start":{"line":34,"column":4},"end":{"line":40,"column":5}},"16":{"start":{"line":35,"column":23},"end":{"line":35,"column":52}},"17":{"start":{"line":36,"column":8},"end":{"line":39,"column":9}},"18":{"start":{"line":38,"column":12},"end":{"line":38,"column":66}},"19":{"start":{"line":42,"column":4},"end":{"line":48,"column":5}},"20":{"start":{"line":43,"column":24},"end":{"line":43,"column":54}},"21":{"start":{"line":44,"column":8},"end":{"line":47,"column":9}},"22":{"start":{"line":46,"column":12},"end":{"line":46,"column":67}},"23":{"start":{"line":50,"column":4},"end":{"line":50,"column":11}},"24":{"start":{"line":53,"column":0},"end":{"line":53,"column":41}}},"fnMap":{"0":{"name":"validateGetTransaction","decl":{"start":{"line":7,"column":15},"end":{"line":7,"column":37}},"loc":{"start":{"line":7,"column":54},"end":{"line":51,"column":1}},"line":7}},"branchMap":{"0":{"loc":{"start":{"line":9,"column":4},"end":{"line":11,"column":5}},"type":"if","locations":[{"start":{"line":9,"column":4},"end":{"line":11,"column":5}},{"start":{},"end":{}}],"line":9},"1":{"loc":{"start":{"line":13,"column":4},"end":{"line":16,"column":5}},"type":"if","locations":[{"start":{"line":13,"column":4},"end":{"line":16,"column":5}},{"start":{},"end":{}}],"line":13},"2":{"loc":{"start":{"line":13,"column":8},"end":{"line":13,"column":98}},"type":"binary-expr","locations":[{"start":{"line":13,"column":8},"end":{"line":13,"column":27}},{"start":{"line":13,"column":31},"end":{"line":13,"column":49}},{"start":{"line":13,"column":53},"end":{"line":13,"column":73}},{"start":{"line":13,"column":77},"end":{"line":13,"column":98}}],"line":13},"3":{"loc":{"start":{"line":18,"column":4},"end":{"line":24,"column":5}},"type":"if","locations":[{"start":{"line":18,"column":4},"end":{"line":24,"column":5}},{"start":{},"end":{}}],"line":18},"4":{"loc":{"start":{"line":20,"column":8},"end":{"line":23,"column":9}},"type":"if","locations":[{"start":{"line":20,"column":8},"end":{"line":23,"column":9}},{"start":{},"end":{}}],"line":20},"5":{"loc":{"start":{"line":20,"column":12},"end":{"line":20,"column":41}},"type":"binary-expr","locations":[{"start":{"line":20,"column":12},"end":{"line":20,"column":26}},{"start":{"line":20,"column":30},"end":{"line":20,"column":41}}],"line":20},"6":{"loc":{"start":{"line":26,"column":4},"end":{"line":32,"column":5}},"type":"if","locations":[{"start":{"line":26,"column":4},"end":{"line":32,"column":5}},{"start":{},"end":{}}],"line":26},"7":{"loc":{"start":{"line":28,"column":8},"end":{"line":31,"column":9}},"type":"if","locations":[{"start":{"line":28,"column":8},"end":{"line":31,"column":9}},{"start":{},"end":{}}],"line":28},"8":{"loc":{"start":{"line":28,"column":12},"end":{"line":28,"column":39}},"type":"binary-expr","locations":[{"start":{"line":28,"column":12},"end":{"line":28,"column":25}},{"start":{"line":28,"column":29},"end":{"line":28,"column":39}}],"line":28},"9":{"loc":{"start":{"line":34,"column":4},"end":{"line":40,"column":5}},"type":"if","locations":[{"start":{"line":34,"column":4},"end":{"line":40,"column":5}},{"start":{},"end":{}}],"line":34},"10":{"loc":{"start":{"line":36,"column":8},"end":{"line":39,"column":9}},"type":"if","locations":[{"start":{"line":36,"column":8},"end":{"line":39,"column":9}},{"start":{},"end":{}}],"line":36},"11":{"loc":{"start":{"line":36,"column":12},"end":{"line":36,"column":43}},"type":"binary-expr","locations":[{"start":{"line":36,"column":12},"end":{"line":36,"column":27}},{"start":{"line":36,"column":31},"end":{"line":36,"column":43}}],"line":36},"12":{"loc":{"start":{"line":42,"column":4},"end":{"line":48,"column":5}},"type":"if","locations":[{"start":{"line":42,"column":4},"end":{"line":48,"column":5}},{"start":{},"end":{}}],"line":42},"13":{"loc":{"start":{"line":44,"column":8},"end":{"line":47,"column":9}},"type":"if","locations":[{"start":{"line":44,"column":8},"end":{"line":47,"column":9}},{"start":{},"end":{}}],"line":44},"14":{"loc":{"start":{"line":44,"column":12},"end":{"line":44,"column":45}},"type":"binary-expr","locations":[{"start":{"line":44,"column":12},"end":{"line":44,"column":28}},{"start":{"line":44,"column":32},"end":{"line":44,"column":45}}],"line":44}},"s":{"0":1,"1":1,"2":0,"3":0,"4":0,"5":0,"6":0,"7":0,"8":0,"9":0,"10":0,"11":0,"12":0,"13":0,"14":0,"15":0,"16":0,"17":0,"18":0,"19":0,"20":0,"21":0,"22":0,"23":0,"24":1},"f":{"0":0},"b":{"0":[0,0],"1":[0,0],"2":[0,0,0,0],"3":[0,0],"4":[0,0],"5":[0,0],"6":[0,0],"7":[0,0],"8":[0,0],"9":[0,0],"10":[0,0],"11":[0,0],"12":[0,0],"13":[0,0],"14":[0,0]},"_coverageSchema":"1a1c01bbd47fc00a2c39e90264f33305004495a9","hash":"32e94e28401e7676446530b6b17bfaa7b665a4e2"}
,"D:\\Programming\\OnlineMarketPlaceTest\\backend\\validation\\validateUser.js": {"path":"D:\\Programming\\OnlineMarketPlaceTest\\backend\\validation\\validateUser.js","statementMap":{"0":{"start":{"line":1,"column":15},"end":{"line":1,"column":55}},"1":{"start":{"line":2,"column":28},"end":{"line":2,"column":57}},"2":{"start":{"line":3,"column":18},"end":{"line":3,"column":38}},"3":{"start":{"line":4,"column":23},"end":{"line":4,"column":105}},"4":{"start":{"line":8,"column":4},"end":{"line":10,"column":5}},"5":{"start":{"line":9,"column":8},"end":{"line":9,"column":65}},"6":{"start":{"line":12,"column":4},"end":{"line":14,"column":5}},"7":{"start":{"line":13,"column":8},"end":{"line":13,"column":80}},"8":{"start":{"line":16,"column":4},"end":{"line":18,"column":5}},"9":{"start":{"line":17,"column":8},"end":{"line":17,"column":77}},"10":{"start":{"line":20,"column":4},"end":{"line":20,"column":10}},"11":{"start":{"line":24,"column":28},"end":{"line":24,"column":56}},"12":{"start":{"line":25,"column":4},"end":{"line":27,"column":5}},"13":{"start":{"line":26,"column":8},"end":{"line":26,"column":72}},"14":{"start":{"line":29,"column":4},"end":{"line":35,"column":5}},"15":{"start":{"line":30,"column":8},"end":{"line":34,"column":9}},"16":{"start":{"line":32,"column":12},"end":{"line":33,"column":66}},"17":{"start":{"line":33,"column":12},"end":{"line":33,"column":66}},"18":{"start":{"line":37,"column":4},"end":{"line":41,"column":5}},"19":{"start":{"line":38,"column":8},"end":{"line":40,"column":9}},"20":{"start":{"line":39,"column":12},"end":{"line":39,"column":66}},"21":{"start":{"line":44,"column":4},"end":{"line":44,"column":11}},"22":{"start":{"line":48,"column":4},"end":{"line":92,"column":5}},"23":{"start":{"line":49,"column":8},"end":{"line":89,"column":10}},"24":{"start":{"line":51,"column":12},"end":{"line":51,"column":67}},"25":{"start":{"line":51,"column":21},"end":{"line":51,"column":67}},"26":{"start":{"line":53,"column":12},"end":{"line":62,"column":13}},"27":{"start":{"line":54,"column":16},"end":{"line":59,"column":18}},"28":{"start":{"line":55,"column":20},"end":{"line":58,"column":21}},"29":{"start":{"line":57,"column":24},"end":{"line":57,"column":85}},"30":{"start":{"line":61,"column":16},"end":{"line":61,"column":71}},"31":{"start":{"line":64,"column":12},"end":{"line":68,"column":13}},"32":{"start":{"line":65,"column":16},"end":{"line":67,"column":17}},"33":{"start":{"line":66,"column":20},"end":{"line":66,"column":83}},"34":{"start":{"line":70,"column":12},"end":{"line":74,"column":13}},"35":{"start":{"line":71,"column":16},"end":{"line":73,"column":17}},"36":{"start":{"line":72,"column":20},"end":{"line":72,"column":86}},"37":{"start":{"line":76,"column":12},"end":{"line":80,"column":13}},"38":{"start":{"line":77,"column":16},"end":{"line":79,"column":17}},"39":{"start":{"line":78,"column":20},"end":{"line":78,"column":85}},"40":{"start":{"line":82,"column":12},"end":{"line":86,"column":13}},"41":{"start":{"line":83,"column":16},"end":{"line":85,"column":17}},"42":{"start":{"line":84,"column":20},"end":{"line":84,"column":86}},"43":{"start":{"line":88,"column":11},"end":{"line":88,"column":17}},"44":{"start":{"line":91,"column":8},"end":{"line":91,"column":50}},"45":{"start":{"line":98,"column":4},"end":{"line":105,"column":5}},"46":{"start":{"line":99,"column":8},"end":{"line":102,"column":10}},"47":{"start":{"line":100,"column":12},"end":{"line":100,"column":67}},"48":{"start":{"line":100,"column":21},"end":{"line":100,"column":67}},"49":{"start":{"line":101,"column":12},"end":{"line":101,"column":18}},"50":{"start":{"line":104,"column":8},"end":{"line":104,"column":50}},"51":{"start":{"line":110,"column":0},"end":{"line":110,"column":89}}},"fnMap":{"0":{"name":"validatePutUser","decl":{"start":{"line":7,"column":15},"end":{"line":7,"column":30}},"loc":{"start":{"line":7,"column":47},"end":{"line":21,"column":1}},"line":7},"1":{"name":"validateGetUser","decl":{"start":{"line":23,"column":15},"end":{"line":23,"column":30}},"loc":{"start":{"line":23,"column":47},"end":{"line":45,"column":1}},"line":23},"2":{"name":"validatePostUser","decl":{"start":{"line":47,"column":15},"end":{"line":47,"column":31}},"loc":{"start":{"line":47,"column":48},"end":{"line":95,"column":1}},"line":47},"3":{"name":"(anonymous_3)","decl":{"start":{"line":49,"column":40},"end":{"line":49,"column":41}},"loc":{"start":{"line":49,"column":49},"end":{"line":89,"column":9}},"line":49},"4":{"name":"(anonymous_4)","decl":{"start":{"line":54,"column":46},"end":{"line":54,"column":47}},"loc":{"start":{"line":54,"column":55},"end":{"line":59,"column":17}},"line":54},"5":{"name":"validateDeleteUser","decl":{"start":{"line":97,"column":15},"end":{"line":97,"column":33}},"loc":{"start":{"line":97,"column":50},"end":{"line":108,"column":1}},"line":97},"6":{"name":"(anonymous_6)","decl":{"start":{"line":99,"column":40},"end":{"line":99,"column":41}},"loc":{"start":{"line":99,"column":49},"end":{"line":102,"column":9}},"line":99}},"branchMap":{"0":{"loc":{"start":{"line":8,"column":4},"end":{"line":10,"column":5}},"type":"if","locations":[{"start":{"line":8,"column":4},"end":{"line":10,"column":5}},{"start":{},"end":{}}],"line":8},"1":{"loc":{"start":{"line":12,"column":4},"end":{"line":14,"column":5}},"type":"if","locations":[{"start":{"line":12,"column":4},"end":{"line":14,"column":5}},{"start":{},"end":{}}],"line":12},"2":{"loc":{"start":{"line":12,"column":8},"end":{"line":12,"column":113}},"type":"binary-expr","locations":[{"start":{"line":12,"column":8},"end":{"line":12,"column":26}},{"start":{"line":12,"column":30},"end":{"line":12,"column":81}},{"start":{"line":12,"column":85},"end":{"line":12,"column":113}}],"line":12},"3":{"loc":{"start":{"line":16,"column":4},"end":{"line":18,"column":5}},"type":"if","locations":[{"start":{"line":16,"column":4},"end":{"line":18,"column":5}},{"start":{},"end":{}}],"line":16},"4":{"loc":{"start":{"line":16,"column":8},"end":{"line":16,"column":139}},"type":"binary-expr","locations":[{"start":{"line":16,"column":8},"end":{"line":16,"column":23}},{"start":{"line":16,"column":27},"end":{"line":16,"column":61}},{"start":{"line":16,"column":65},"end":{"line":16,"column":110}},{"start":{"line":16,"column":114},"end":{"line":16,"column":139}}],"line":16},"5":{"loc":{"start":{"line":25,"column":4},"end":{"line":27,"column":5}},"type":"if","locations":[{"start":{"line":25,"column":4},"end":{"line":27,"column":5}},{"start":{},"end":{}}],"line":25},"6":{"loc":{"start":{"line":29,"column":4},"end":{"line":35,"column":5}},"type":"if","locations":[{"start":{"line":29,"column":4},"end":{"line":35,"column":5}},{"start":{},"end":{}}],"line":29},"7":{"loc":{"start":{"line":30,"column":8},"end":{"line":34,"column":9}},"type":"if","locations":[{"start":{"line":30,"column":8},"end":{"line":34,"column":9}},{"start":{},"end":{}}],"line":30},"8":{"loc":{"start":{"line":30,"column":13},"end":{"line":30,"column":62}},"type":"binary-expr","locations":[{"start":{"line":30,"column":13},"end":{"line":30,"column":37}},{"start":{"line":30,"column":41},"end":{"line":30,"column":62}}],"line":30},"9":{"loc":{"start":{"line":32,"column":12},"end":{"line":33,"column":66}},"type":"if","locations":[{"start":{"line":32,"column":12},"end":{"line":33,"column":66}},{"start":{},"end":{}}],"line":32},"10":{"loc":{"start":{"line":37,"column":4},"end":{"line":41,"column":5}},"type":"if","locations":[{"start":{"line":37,"column":4},"end":{"line":41,"column":5}},{"start":{},"end":{}}],"line":37},"11":{"loc":{"start":{"line":38,"column":8},"end":{"line":40,"column":9}},"type":"if","locations":[{"start":{"line":38,"column":8},"end":{"line":40,"column":9}},{"start":{},"end":{}}],"line":38},"12":{"loc":{"start":{"line":38,"column":12},"end":{"line":38,"column":87}},"type":"binary-expr","locations":[{"start":{"line":38,"column":12},"end":{"line":38,"column":36}},{"start":{"line":38,"column":40},"end":{"line":38,"column":61}},{"start":{"line":38,"column":65},"end":{"line":38,"column":87}}],"line":38},"13":{"loc":{"start":{"line":51,"column":12},"end":{"line":51,"column":67}},"type":"if","locations":[{"start":{"line":51,"column":12},"end":{"line":51,"column":67}},{"start":{},"end":{}}],"line":51},"14":{"loc":{"start":{"line":51,"column":39},"end":{"line":51,"column":56}},"type":"binary-expr","locations":[{"start":{"line":51,"column":39},"end":{"line":51,"column":49}},{"start":{"line":51,"column":53},"end":{"line":51,"column":56}}],"line":51},"15":{"loc":{"start":{"line":53,"column":12},"end":{"line":62,"column":13}},"type":"if","locations":[{"start":{"line":53,"column":12},"end":{"line":62,"column":13}},{"start":{"line":60,"column":19},"end":{"line":62,"column":13}}],"line":53},"16":{"loc":{"start":{"line":55,"column":20},"end":{"line":58,"column":21}},"type":"if","locations":[{"start":{"line":55,"column":20},"end":{"line":58,"column":21}},{"start":{},"end":{}}],"line":55},"17":{"loc":{"start":{"line":64,"column":12},"end":{"line":68,"column":13}},"type":"if","locations":[{"start":{"line":64,"column":12},"end":{"line":68,"column":13}},{"start":{},"end":{}}],"line":64},"18":{"loc":{"start":{"line":65,"column":16},"end":{"line":67,"column":17}},"type":"if","locations":[{"start":{"line":65,"column":16},"end":{"line":67,"column":17}},{"start":{},"end":{}}],"line":65},"19":{"loc":{"start":{"line":65,"column":20},"end":{"line":65,"column":94}},"type":"binary-expr","locations":[{"start":{"line":65,"column":20},"end":{"line":65,"column":65}},{"start":{"line":65,"column":69},"end":{"line":65,"column":94}}],"line":65},"20":{"loc":{"start":{"line":70,"column":12},"end":{"line":74,"column":13}},"type":"if","locations":[{"start":{"line":70,"column":12},"end":{"line":74,"column":13}},{"start":{},"end":{}}],"line":70},"21":{"loc":{"start":{"line":71,"column":16},"end":{"line":73,"column":17}},"type":"if","locations":[{"start":{"line":71,"column":16},"end":{"line":73,"column":17}},{"start":{},"end":{}}],"line":71},"22":{"loc":{"start":{"line":71,"column":20},"end":{"line":71,"column":96}},"type":"binary-expr","locations":[{"start":{"line":71,"column":20},"end":{"line":71,"column":71}},{"start":{"line":71,"column":75},"end":{"line":71,"column":96}}],"line":71},"23":{"loc":{"start":{"line":76,"column":12},"end":{"line":80,"column":13}},"type":"if","locations":[{"start":{"line":76,"column":12},"end":{"line":80,"column":13}},{"start":{},"end":{}}],"line":76},"24":{"loc":{"start":{"line":77,"column":16},"end":{"line":79,"column":17}},"type":"if","locations":[{"start":{"line":77,"column":16},"end":{"line":79,"column":17}},{"start":{},"end":{}}],"line":77},"25":{"loc":{"start":{"line":82,"column":12},"end":{"line":86,"column":13}},"type":"if","locations":[{"start":{"line":82,"column":12},"end":{"line":86,"column":13}},{"start":{},"end":{}}],"line":82},"26":{"loc":{"start":{"line":83,"column":16},"end":{"line":85,"column":17}},"type":"if","locations":[{"start":{"line":83,"column":16},"end":{"line":85,"column":17}},{"start":{},"end":{}}],"line":83},"27":{"loc":{"start":{"line":100,"column":12},"end":{"line":100,"column":67}},"type":"if","locations":[{"start":{"line":100,"column":12},"end":{"line":100,"column":67}},{"start":{},"end":{}}],"line":100},"28":{"loc":{"start":{"line":100,"column":39},"end":{"line":100,"column":56}},"type":"binary-expr","locations":[{"start":{"line":100,"column":39},"end":{"line":100,"column":49}},{"start":{"line":100,"column":53},"end":{"line":100,"column":56}}],"line":100}},"s":{"0":1,"1":1,"2":1,"3":1,"4":0,"5":0,"6":0,"7":0,"8":0,"9":0,"10":0,"11":0,"12":0,"13":0,"14":0,"15":0,"16":0,"17":0,"18":0,"19":0,"20":0,"21":0,"22":0,"23":0,"24":0,"25":0,"26":0,"27":0,"28":0,"29":0,"30":0,"31":0,"32":0,"33":0,"34":0,"35":0,"36":0,"37":0,"38":0,"39":0,"40":0,"41":0,"42":0,"43":0,"44":0,"45":0,"46":0,"47":0,"48":0,"49":0,"50":0,"51":1},"f":{"0":0,"1":0,"2":0,"3":0,"4":0,"5":0,"6":0},"b":{"0":[0,0],"1":[0,0],"2":[0,0,0],"3":[0,0],"4":[0,0,0,0],"5":[0,0],"6":[0,0],"7":[0,0],"8":[0,0],"9":[0,0],"10":[0,0],"11":[0,0],"12":[0,0,0],"13":[0,0],"14":[0,0],"15":[0,0],"16":[0,0],"17":[0,0],"18":[0,0],"19":[0,0],"20":[0,0],"21":[0,0],"22":[0,0],"23":[0,0],"24":[0,0],"25":[0,0],"26":[0,0],"27":[0,0],"28":[0,0]},"_coverageSchema":"1a1c01bbd47fc00a2c39e90264f33305004495a9","hash":"f94321ef9ca381e17ad585c717d7f6988d2fd238"}
}
